INFO  2015-12-05 10:36:26,091 (Saros.java:220) Starting Saros 14.10.31 running:
  Java Version: 1.8.0_51
  Java Vendor: Oracle Corporation
  Eclipse Runtime Version: 3.11.1.v20150903-1804
  Operating System: Windows 8 (6.2)
  Hardware Architecture: amd64
INFO  2015-12-05 10:36:26,114 (SarosContext.java:153) creating Saros runtime context...
DEBUG 2015-12-05 10:36:26,147 (XMPPAccountStore.java:117) loading accounts from file: C:\Users\Me\.saros\config.dat
DEBUG 2015-12-05 10:36:26,400 (XMPPAccountStore.java:176) loaded 1 account(s)
INFO  2015-12-05 10:36:26,512 (SarosContext.java:199) successfully created Saros runtime context
DEBUG 2015-12-05 10:36:26,527 (DataTransferManager.java:467) used transport order for the current XMPP connection: [XMPP-Socks5-Transport, XMPP-IBB-Transport]
INFO  2015-12-05 10:36:26,542 (PreferenceInitializer.java:50) initializing preference default values
DEBUG 2015-12-05 10:36:26,573 (SarosAnnotation.java:117) resetting annotation colors
DEBUG 2015-12-05 10:36:26,615 (Saros.java:430) skipping conversion of old XMPP accounts, because there are already new ones
DEBUG 2015-12-05 10:36:28,802 (SharedDocumentProvider.java:77) SharedDocumentProvider created by Eclipse
DEBUG 2015-12-05 10:36:30,615 (WhiteboardManager.java:194) WhiteboardManager instantiated
DEBUG 2015-12-05 10:36:30,641 (XMPPConnectionService.java:439) started Socks5 proxy on port: 7779 [listening on all interfaces]
DEBUG 2015-12-05 10:36:30,662 (DocumentRecord.java:93) Added Node: attr(144933339065681682) name=svg
DEBUG 2015-12-05 10:36:30,682 (XMPPConnectionService.java:459) using autodetected addresses: [192.168.1.10, fe80:0:0:0:3478:e4c5:7dfe:792e%eth0, 2001:0:9d38:90d7:383d:1aa5:b4b7:846e, fe80:0:0:0:383d:1aa5:b4b7:846e%net1]
DEBUG 2015-12-05 10:36:30,718 (XMPPConnectionService.java:398)  new connection state == CONNECTING
DEBUG 2015-12-05 10:36:32,608 (XMPPConnectionService.java:398) mholmen@saros-con.imp.fu-berlin.de/Saros new connection state == CONNECTED
DEBUG 2015-12-05 10:36:32,608 (DataTransferManager.java:467) used transport order for the current XMPP connection: [XMPP-Socks5-Transport, XMPP-IBB-Transport]
DEBUG 2015-12-05 10:36:32,609 (SkypeManager.java:289) Refreshing Skype username cache...
WARN  2015-12-05 10:36:40,770 (StunServiceImpl.java:420) received no response from STUN server stunserver.org/69.172.201.208:3478 at local address /192.168.1.10:0
DEBUG 2015-12-05 10:36:41,132 (XMPPAccountStore.java:232) saved 2 account(s)
DEBUG 2015-12-05 10:37:15,785 (XMPPAccountStore.java:232) saved 1 account(s)
DEBUG 2015-12-05 10:38:01,581 (SubscriptionHandler.java:160) contact requests to subscribe to us: maxwellolmen@saros-con.imp.fu-berlin.de
DEBUG 2015-12-05 10:38:08,242 (SubscriptionHandler.java:152) contact subscribed to us: maxwellolmen@saros-con.imp.fu-berlin.de
DEBUG 2015-12-05 10:38:08,524 (DiscoveryManager.java:382) Inserted DiscoveryInfo into Cache for: maxwellolmen@saros-con.imp.fu-berlin.de/Saros
INFO  2015-12-05 10:38:15,193 (StatisticManager.java:184) Current feedback settings:
  Feedback disabled: false
  Feedback interval: 5
  Statistic submission allowed: false
  Pseudonym submission allowed: false
INFO  2015-12-05 10:38:15,199 (ErrorLogManager.java:257) Current error log settings:
  Error log submission allowed: false
  Full Error log submission allowed: false
INFO  2015-12-05 10:38:15,420 (StatisticManager.java:163) Session count: 1
INFO  2015-12-05 10:38:15,422 (ParticipantCollector.java:134) Session started: Current number of participants: 1
DEBUG 2015-12-05 10:38:15,426 (XStreamExtensionProvider.java:149) Registering new converter of class de.fu_berlin.inf.dpp.misc.xstream.SPathConverter
DEBUG 2015-12-05 10:38:15,428 (XStreamExtensionProvider.java:194) Registering new converter of class de.fu_berlin.inf.dpp.misc.xstream.UserConverter
DEBUG 2015-12-05 10:38:15,428 (ActivityHandler.java:89) activity dispatcher started
DEBUG 2015-12-05 10:38:15,470 (ConsistencyAction.java:173) Inconsistency indicator goes: off
DEBUG 2015-12-05 10:38:15,472 (WhiteboardManager.java:104) Skip Whiteboard preparation because session host has no Whiteboard
DEBUG 2015-12-05 10:38:15,473 (SarosProjectMapper.java:179) added project de.fu_berlin.inf.dpp.filesystem.EclipseProjectImpl@27df351 - P/Togl with ID 1573827877 [completely shared:true]
DEBUG 2015-12-05 10:38:15,481 (EditorManager.java:392) CreditsActivity.java
DEBUG 2015-12-05 10:38:15,484 (SharedProjectDecorator.java:99) updating project decoration for all shared projects
INFO  2015-12-05 10:38:15,486 (SarosSessionManager.java:262) session started
DEBUG 2015-12-05 10:38:15,495 (OutgoingSessionNegotiation.java:122) OSN [remote side: maxwellolmen@saros-con.imp.fu-berlin.de/Saros] : starting invitation
DEBUG 2015-12-05 10:38:15,496 (OutgoingSessionNegotiation.java:223) OSN [remote side: maxwellolmen@saros-con.imp.fu-berlin.de/Saros] : checking Saros support
DEBUG 2015-12-05 10:38:15,498 (OutgoingSessionNegotiation.java:235) OSN [remote side: maxwellolmen@saros-con.imp.fu-berlin.de/Saros] :  remote contact offers Saros support
DEBUG 2015-12-05 10:38:15,498 (OutgoingSessionNegotiation.java:253) OSN [remote side: maxwellolmen@saros-con.imp.fu-berlin.de/Saros] : checking version compatibility
DEBUG 2015-12-05 10:38:15,879 (MultiUserChatService.java:100) Joining MUC...
DEBUG 2015-12-05 10:38:15,881 (MultiUserChat.java:264) Trying to create room on server conference.saros-con.imp.fu-berlin.de
DEBUG 2015-12-05 10:38:15,943 (OutgoingSessionNegotiation.java:284) OSN [remote side: maxwellolmen@saros-con.imp.fu-berlin.de/Saros] : Saros versions are compatible
DEBUG 2015-12-05 10:38:15,943 (OutgoingSessionNegotiation.java:298) OSN [remote side: maxwellolmen@saros-con.imp.fu-berlin.de/Saros] : sending invitation
DEBUG 2015-12-05 10:38:15,944 (OutgoingSessionNegotiation.java:314) OSN [remote side: maxwellolmen@saros-con.imp.fu-berlin.de/Saros] : waiting for invitation acknowledgement
DEBUG 2015-12-05 10:38:16,018 (MultiUserChat.java:310) Configuring room
DEBUG 2015-12-05 10:38:16,290 (OutgoingSessionNegotiation.java:325) OSN [remote side: maxwellolmen@saros-con.imp.fu-berlin.de/Saros] : invitation acknowledged
DEBUG 2015-12-05 10:38:16,290 (OutgoingSessionNegotiation.java:334) OSN [remote side: maxwellolmen@saros-con.imp.fu-berlin.de/Saros] : waiting for peer to accept the invitation
DEBUG 2015-12-05 10:38:16,466 (MultiUserChat.java:297) MUC created and joined. Server: conference.saros-con.imp.fu-berlin.de Room: SAROS_1206560293 Password -669442993
DEBUG 2015-12-05 10:38:16,602 (MultiUserChatStateManager.java:101) Incoming Message from saros_1206560293@conference.saros-con.imp.fu-berlin.de/mholmen@saros-con.imp.fu-berlin.de/Saros with state: active
DEBUG 2015-12-05 10:38:16,602 (MultiUserChat.java:79) stateChanged fired with state: active
DEBUG 2015-12-05 10:38:16,604 (MultiUserChat.java:133) processPacket called
DEBUG 2015-12-05 10:38:19,663 (OutgoingSessionNegotiation.java:345) OSN [remote side: maxwellolmen@saros-con.imp.fu-berlin.de/Saros] : invitation accepted
DEBUG 2015-12-05 10:38:19,663 (OutgoingSessionNegotiation.java:355) OSN [remote side: maxwellolmen@saros-con.imp.fu-berlin.de/Saros] : waiting for client's session parameters
DEBUG 2015-12-05 10:38:19,664 (OutgoingSessionNegotiation.java:375) OSN [remote side: maxwellolmen@saros-con.imp.fu-berlin.de/Saros] : received client's session parameters
DEBUG 2015-12-05 10:38:19,937 (WhiteboardManager.java:163) Detected  Whiteboard at maxwellolmen@saros-con.imp.fu-berlin.de/Saros
DEBUG 2015-12-05 10:38:19,937 (OutgoingSessionNegotiation.java:427) OSN [remote side: maxwellolmen@saros-con.imp.fu-berlin.de/Saros] : sending updated session negotiation data
DEBUG 2015-12-05 10:38:19,937 (OutgoingSessionNegotiation.java:434) OSN [remote side: maxwellolmen@saros-con.imp.fu-berlin.de/Saros] : sent updated session negotiation data
DEBUG 2015-12-05 10:38:19,937 (OutgoingSessionNegotiation.java:444) OSN [remote side: maxwellolmen@saros-con.imp.fu-berlin.de/Saros] : waiting for remote side to start its Saros session
DEBUG 2015-12-05 10:38:21,348 (ByteStreamTransport.java:72) received request to establish a  bytestream connection to maxwellolmen@saros-con.imp.fu-berlin.de/Saros [de.fu_berlin.inf.dpp.net.internal.ByteStreamTransport$1@4b223c9c]
DEBUG 2015-12-05 10:38:21,349 (Socks5Transport.java:368) [SOCKS5Transport] receiving request from maxwellolmen@saros-con.imp.fu-berlin.de/Saroswith local SOCKS5 proxy running [port=7779, configured streamhosts=[192.168.1.10, fe80:0:0:0:3478:e4c5:7dfe:792e%eth0, 2001:0:9d38:90d7:383d:1aa5:b4b7:846e, fe80:0:0:0:383d:1aa5:b4b7:846e%net1]]
DEBUG 2015-12-05 10:38:21,350 (Socks5Transport.java:624) [SOCKS5Transport] Start to establish new response connection
DEBUG 2015-12-05 10:38:21,353 (Socks5Transport.java:122) [SOCKS5Transport] cancelling response connection as it is not needed
DEBUG 2015-12-05 10:38:21,353 (Socks5Transport.java:742) nagle algorithm for socket disabled: true
DEBUG 2015-12-05 10:38:21,354 (Socks5Transport.java:755) socket is configured with SO_LINGER timeout: 10000 ms
DEBUG 2015-12-05 10:38:21,355 (DataTransferManager.java:136) bytestream connection changed [mode=SOCKS5 (D), id=saros-main-session] maxwellolmen@saros-con.imp.fu-berlin.de/Saros, inc=true, pool id=saros-main-session:in:maxwellolmen@saros-con.imp.fu-berlin.de/Saros]
DEBUG 2015-12-05 10:38:21,356 (BinaryChannelConnection.java:103) [mode=SOCKS5 (D), id=saros-main-session] maxwellolmen@saros-con.imp.fu-berlin.de/Saros ReceiverThread started.
DEBUG 2015-12-05 10:38:21,687 (OutgoingSessionNegotiation.java:455) OSN [remote side: maxwellolmen@saros-con.imp.fu-berlin.de/Saros] : remote side started its Saros session
DEBUG 2015-12-05 10:38:21,687 (OutgoingSessionNegotiation.java:472) OSN [remote side: maxwellolmen@saros-con.imp.fu-berlin.de/Saros] : synchronizing user list
DEBUG 2015-12-05 10:38:21,688 (UserInformationHandler.java:152) synchronizing user list (A)[maxwellolmen@saros-con.imp.fu-berlin.de/Saros, mholmen@saros-con.imp.fu-berlin.de/Saros], (R) [] with user(s) [maxwellolmen@saros-con.imp.fu-berlin.de/Saros]
DEBUG 2015-12-05 10:38:21,701 (UserInformationHandler.java:204) received user list confirmation from: maxwellolmen@saros-con.imp.fu-berlin.de/Saros
DEBUG 2015-12-05 10:38:21,702 (UserInformationHandler.java:211) synchronized user list with user(s) [maxwellolmen@saros-con.imp.fu-berlin.de/Saros]
DEBUG 2015-12-05 10:38:21,703 (ChangeColorManager.java:290) reassigning color IDs for the current session users
DEBUG 2015-12-05 10:38:21,706 (ChangeColorManager.java:324) color conflict resolve result = NO CONFLICT
DEBUG 2015-12-05 10:38:21,707 (ChangeColorManager.java:383) new color assignment: {mholmen@saros-con.imp.fu-berlin.de/Saros=2, maxwellolmen@saros-con.imp.fu-berlin.de/Saros=4}
DEBUG 2015-12-05 10:38:21,707 (ChangeColorManager.java:634) updating color id set: [maxwellolmen@saros-con.imp.fu-berlin.de, mholmen@saros-con.imp.fu-berlin.de]
INFO  2015-12-05 10:38:21,709 (ParticipantCollector.java:67) maxwellolmen@saros-con.imp.fu-berlin.de/Saros joined - session now contains 2 users
DEBUG 2015-12-05 10:38:21,709 (ActivitySequencer.java:496) send (001) maxwellolmen@saros-con.imp.fu-berlin.de/Saros
INFO  2015-12-05 10:38:21,710 (SarosSession.java:456) user maxwellolmen@saros-con.imp.fu-berlin.de/Saros joined session
DEBUG 2015-12-05 10:38:21,710 (OutgoingSessionNegotiation.java:482) OSN [remote side: maxwellolmen@saros-con.imp.fu-berlin.de/Saros] : added maxwellolmen@saros-con.imp.fu-berlin.de/Saros to the current session, colorID: 4
DEBUG 2015-12-05 10:38:21,711 (OutgoingSessionNegotiation.java:501) OSN [remote side: maxwellolmen@saros-con.imp.fu-berlin.de/Saros] : session negotiation finished
DEBUG 2015-12-05 10:38:21,721 (ActivitySequencer.java:496) send (001) maxwellolmen@saros-con.imp.fu-berlin.de/Saros
DEBUG 2015-12-05 10:38:21,737 (WhiteboardManager.java:89) Preparing Whiteboard for sending an invitation
DEBUG 2015-12-05 10:38:21,781 (ColorUtils.java:21) set foregroundcolor RGB {186, 220, 81}
DEBUG 2015-12-05 10:38:21,784 (SXEController.java:120) SXE (3139): initialize session at inviter side
DEBUG 2015-12-05 10:38:21,785 (SXEOutgoingSynchronizationProcess.java:51) SXE(3139)  send state-offer to maxwellolmen@saros-con.imp.fu-berlin.de/Saros
DEBUG 2015-12-05 10:38:21,786 (SarosSXETransmitter.java:151) SXE send state-offer to maxwellolmen@saros-con.imp.fu-berlin.de/Saros waiting for [accept-state, refuse-state]
INFO  2015-12-05 10:38:21,810 (DataTransferManager.java:409) establishing connection to maxwellolmen@saros-con.imp.fu-berlin.de/Saros from mholmen@saros-con.imp.fu-berlin.de/Saros using transport XMPP-Socks5-Transport
DEBUG 2015-12-05 10:38:21,810 (ByteStreamTransport.java:45) establishing bytestream connection to maxwellolmen@saros-con.imp.fu-berlin.de/Saros
DEBUG 2015-12-05 10:38:21,811 (Socks5Transport.java:493) [SOCKS5Transport] establishing connection to maxwellolmen@saros-con.imp.fu-berlin.de/Saroswith local SOCKS5 proxy running [port=7779, configured streamhosts=[192.168.1.10, fe80:0:0:0:3478:e4c5:7dfe:792e%eth0, 2001:0:9d38:90d7:383d:1aa5:b4b7:846e, fe80:0:0:0:383d:1aa5:b4b7:846e%net1]]...
DEBUG 2015-12-05 10:38:22,043 (MultiUserChatStateManager.java:101) Incoming Message from saros_1206560293@conference.saros-con.imp.fu-berlin.de/maxwellolmen@saros-con.imp.fu-berlin.de/Saros with state: active
DEBUG 2015-12-05 10:38:22,043 (MultiUserChat.java:79) stateChanged fired with state: active
DEBUG 2015-12-05 10:38:22,043 (MultiUserChat.java:133) processPacket called
DEBUG 2015-12-05 10:38:23,428 (Socks5Transport.java:742) nagle algorithm for socket disabled: true
DEBUG 2015-12-05 10:38:23,428 (Socks5Transport.java:755) socket is configured with SO_LINGER timeout: 10000 ms
DEBUG 2015-12-05 10:38:23,429 (DataTransferManager.java:136) bytestream connection changed [mode=SOCKS5 (D), id=default] maxwellolmen@saros-con.imp.fu-berlin.de/Saros, inc=false, pool id=default:out:maxwellolmen@saros-con.imp.fu-berlin.de/Saros]
DEBUG 2015-12-05 10:38:23,429 (BinaryChannelConnection.java:103) [mode=SOCKS5 (D), id=default] maxwellolmen@saros-con.imp.fu-berlin.de/Saros ReceiverThread started.
DEBUG 2015-12-05 10:38:23,437 (SXEOutgoingSynchronizationProcess.java:70) SXE(3139) maxwellolmen@saros-con.imp.fu-berlin.de/Saros accepted state-offer
DEBUG 2015-12-05 10:38:23,439 (SXEOutgoingSynchronizationProcess.java:89) SXE(3139) Sending state to maxwellolmen@saros-con.imp.fu-berlin.de/Saros
DEBUG 2015-12-05 10:38:23,439 (SXEOutgoingSynchronizationProcess.java:91) Send message: de.fu_berlin.inf.dpp.whiteboard.sxe.net.SXEMessage@6dc611ec: from: null, to: maxwellolmen@saros-con.imp.fu-berlin.de/Saros, msgId: 1messageTyp: statemessage: [new rid=144933339065681682 visible=true name=svg ns=http://www.w3.org/2000/svg version=0 type=element, ]
DEBUG 2015-12-05 10:38:23,440 (CancelableProcess.java:353) process OSN [remote side: maxwellolmen@saros-con.imp.fu-berlin.de/Saros] exit status: OK
INFO  2015-12-05 10:38:23,444 (ProjectNegotiationObservable.java:51) This is ProjectNegotiation number 1 in this session. There are 0 process(es) in this session
DEBUG 2015-12-05 10:38:23,759 (OutgoingProjectNegotiation.java:181) OPN [remote side: maxwellolmen@saros-con.imp.fu-berlin.de/Saros] : sending file list
DEBUG 2015-12-05 10:38:23,767 (OutgoingProjectNegotiation.java:214) OPN [remote side: maxwellolmen@saros-con.imp.fu-berlin.de/Saros] : waiting for remote file list
DEBUG 2015-12-05 10:38:23,969 (ByteStreamTransport.java:72) received request to establish a  bytestream connection to maxwellolmen@saros-con.imp.fu-berlin.de/Saros [de.fu_berlin.inf.dpp.net.internal.ByteStreamTransport$1@4b223c9c]
DEBUG 2015-12-05 10:38:23,970 (Socks5Transport.java:311) [SOCKS5Transport] receiving response connection from maxwellolmen@saros-con.imp.fu-berlin.de/Saroswith local SOCKS5 proxy running [port=7779, configured streamhosts=[192.168.1.10, fe80:0:0:0:3478:e4c5:7dfe:792e%eth0, 2001:0:9d38:90d7:383d:1aa5:b4b7:846e, fe80:0:0:0:383d:1aa5:b4b7:846e%net1]]
WARN  2015-12-05 10:38:23,971 (Socks5Transport.java:324) [SOCKS5Transport] Received response connection without a running connect
DEBUG 2015-12-05 10:38:26,701 (OutgoingProjectNegotiation.java:232) OPN [remote side: maxwellolmen@saros-con.imp.fu-berlin.de/Saros] : remote file list has been received
DEBUG 2015-12-05 10:38:26,703 (OutgoingProjectNegotiation.java:270) OPN [remote side: maxwellolmen@saros-con.imp.fu-berlin.de/Saros] : stopping users [maxwellolmen@saros-con.imp.fu-berlin.de/Saros, mholmen@saros-con.imp.fu-berlin.de/Saros]
DEBUG 2015-12-05 10:38:26,707 (ActivitySequencer.java:496) send (001) maxwellolmen@saros-con.imp.fu-berlin.de/Saros
DEBUG 2015-12-05 10:38:26,707 (EditorManager.java:1697) locking all editors
DEBUG 2015-12-05 10:38:26,707 (StopManager.java:239) added StartHandle (mholmen@saros-con.imp.fu-berlin.de/Saros, 1038267058031128325253194935, startable) to resulting handles.
DEBUG 2015-12-05 10:38:26,725 (ActivitySequencer.java:546) rcvd (001) maxwellolmen@saros-con.imp.fu-berlin.de/Saros
DEBUG 2015-12-05 10:38:26,726 (StopManager.java:390) Acknowledgment arrived maxwellolmen@saros-con.imp.fu-berlin.de/Saros
DEBUG 2015-12-05 10:38:26,726 (StopManager.java:239) added StartHandle (maxwellolmen@saros-con.imp.fu-berlin.de/Saros, 1038267055213737259379287645, startable) to resulting handles.
INFO  2015-12-05 10:38:26,736 (SarosSession.java:462) user maxwellolmen@saros-con.imp.fu-berlin.de/Saros started queuing projects and can receive IResourceActivities
DEBUG 2015-12-05 10:38:26,738 (OutgoingProjectNegotiation.java:353) OPN [remote side: maxwellolmen@saros-con.imp.fu-berlin.de/Saros] : creating archive
DEBUG 2015-12-05 10:38:26,749 (CreateArchiveTask.java:140) created archive C:\Users\Me\AppData\Local\Temp\saros_-9693681988067699855481335531308466666.zip I/O: [111.4 kB in < 1 s at 13.9 MB/s]
DEBUG 2015-12-05 10:38:26,749 (OutgoingProjectNegotiation.java:288) OPN [remote side: maxwellolmen@saros-con.imp.fu-berlin.de/Saros] : restarting user mholmen@saros-con.imp.fu-berlin.de/Saros
DEBUG 2015-12-05 10:38:26,749 (StartHandle.java:58) Called start on mholmen@saros-con.imp.fu-berlin.de/Saros
DEBUG 2015-12-05 10:38:26,750 (StopManager.java:430) StartHandle (mholmen@saros-con.imp.fu-berlin.de/Saros, 1038267058031128325253194935, not startable) couldn't be removed because it doesn't exist any more.
DEBUG 2015-12-05 10:38:26,754 (EditorManager.java:1697) unlocking all editors
DEBUG 2015-12-05 10:38:26,755 (OutgoingProjectNegotiation.java:288) OPN [remote side: maxwellolmen@saros-con.imp.fu-berlin.de/Saros] : restarting user maxwellolmen@saros-con.imp.fu-berlin.de/Saros
DEBUG 2015-12-05 10:38:26,755 (StartHandle.java:58) Called start on maxwellolmen@saros-con.imp.fu-berlin.de/Saros
DEBUG 2015-12-05 10:38:26,755 (OutgoingProjectNegotiation.java:390) OPN [remote side: maxwellolmen@saros-con.imp.fu-berlin.de/Saros] : sending archive
DEBUG 2015-12-05 10:38:26,755 (ActivitySequencer.java:496) send (001) maxwellolmen@saros-con.imp.fu-berlin.de/Saros
DEBUG 2015-12-05 10:38:26,758 (ActivitySequencer.java:546) rcvd (001) maxwellolmen@saros-con.imp.fu-berlin.de/Saros
DEBUG 2015-12-05 10:38:28,162 (OutgoingProjectNegotiation.java:407) OPN [remote side: maxwellolmen@saros-con.imp.fu-berlin.de/Saros] : archive send
INFO  2015-12-05 10:38:28,165 (SarosSession.java:482) user maxwellolmen@saros-con.imp.fu-berlin.de/Saros now has Projects and can process IResourceActivities
DEBUG 2015-12-05 10:38:28,167 (ActivitySequencer.java:496) send (001) maxwellolmen@saros-con.imp.fu-berlin.de/Saros
DEBUG 2015-12-05 10:38:28,176 (CancelableProcess.java:353) process OPN [remote side: maxwellolmen@saros-con.imp.fu-berlin.de/Saros] exit status: OK
DEBUG 2015-12-05 10:38:28,202 (ActivitySequencer.java:546) rcvd (001) maxwellolmen@saros-con.imp.fu-berlin.de/Saros
DEBUG 2015-12-05 10:38:32,502 (ActivitySequencer.java:546) rcvd (006) maxwellolmen@saros-con.imp.fu-berlin.de/Saros
WARN  2015-12-05 10:38:32,504 (FileUtils.java:90) folder already exists: F/Togl/gen/com
StackTrace:
	at de.fu_berlin.inf.dpp.util.FileUtils.create(FileUtils.java:90)
	at de.fu_berlin.inf.dpp.project.SharedResourcesManager.handleFolderActivity(SharedResourcesManager.java:677)
	at de.fu_berlin.inf.dpp.project.SharedResourcesManager$3.receive(SharedResourcesManager.java:487)
	at de.fu_berlin.inf.dpp.activities.FolderActivity.dispatch(FolderActivity.java:62)
	at de.fu_berlin.inf.dpp.session.AbstractActivityConsumer.exec(AbstractActivityConsumer.java:85)
	at de.fu_berlin.inf.dpp.project.SharedResourcesManager$3.exec(SharedResourcesManager.java:469)
	at de.fu_berlin.inf.dpp.project.internal.SarosSession$2.execute(SarosSession.java:213)
	at de.fu_berlin.inf.dpp.project.internal.ActivityHandler$3.run(ActivityHandler.java:372)
	at de.fu_berlin.inf.dpp.util.ThreadUtils$1.run(ThreadUtils.java:38)
	at org.eclipse.swt.widgets.RunnableLock.run(RunnableLock.java:35)
	at org.eclipse.swt.widgets.Synchronizer.runAsyncMessages(Synchronizer.java:135)
	at org.eclipse.swt.widgets.Display.runAsyncMessages(Display.java:4155)
	at org.eclipse.swt.widgets.Display.readAndDispatch(Display.java:3772)
	at org.eclipse.e4.ui.internal.workbench.swt.PartRenderingEngine$4.run(PartRenderingEngine.java:1127)
	at org.eclipse.core.databinding.observable.Realm.runWithDefault(Realm.java:337)
	at org.eclipse.e4.ui.internal.workbench.swt.PartRenderingEngine.run(PartRenderingEngine.java:1018)
	at org.eclipse.e4.ui.internal.workbench.E4Workbench.createAndRunUI(E4Workbench.java:156)
	at org.eclipse.ui.internal.Workbench$5.run(Workbench.java:654)
	at org.eclipse.core.databinding.observable.Realm.runWithDefault(Realm.java:337)
	at org.eclipse.ui.internal.Workbench.createAndRunWorkbench(Workbench.java:598)
	at org.eclipse.ui.PlatformUI.createAndRunWorkbench(PlatformUI.java:150)
	at org.eclipse.ui.internal.ide.application.IDEApplication.start(IDEApplication.java:139)
	at org.eclipse.equinox.internal.app.EclipseAppHandle.run(EclipseAppHandle.java:196)
	at org.eclipse.core.runtime.internal.adaptor.EclipseAppLauncher.runApplication(EclipseAppLauncher.java:134)
	at org.eclipse.core.runtime.internal.adaptor.EclipseAppLauncher.start(EclipseAppLauncher.java:104)
	at org.eclipse.core.runtime.adaptor.EclipseStarter.run(EclipseStarter.java:380)
	at org.eclipse.core.runtime.adaptor.EclipseStarter.run(EclipseStarter.java:235)
	at sun.reflect.NativeMethodAccessorImpl.invoke0(Native Method)
	at sun.reflect.NativeMethodAccessorImpl.invoke(Unknown Source)
	at sun.reflect.DelegatingMethodAccessorImpl.invoke(Unknown Source)
	at java.lang.reflect.Method.invoke(Unknown Source)
	at org.eclipse.equinox.launcher.Main.invokeFramework(Main.java:669)
	at org.eclipse.equinox.launcher.Main.basicRun(Main.java:608)
	at org.eclipse.equinox.launcher.Main.run(Main.java:1515)
WARN  2015-12-05 10:38:32,511 (FileUtils.java:90) folder already exists: F/Togl/gen/com/maxwellolmen
StackTrace:
	at de.fu_berlin.inf.dpp.util.FileUtils.create(FileUtils.java:90)
	at de.fu_berlin.inf.dpp.project.SharedResourcesManager.handleFolderActivity(SharedResourcesManager.java:677)
	at de.fu_berlin.inf.dpp.project.SharedResourcesManager$3.receive(SharedResourcesManager.java:487)
	at de.fu_berlin.inf.dpp.activities.FolderActivity.dispatch(FolderActivity.java:62)
	at de.fu_berlin.inf.dpp.session.AbstractActivityConsumer.exec(AbstractActivityConsumer.java:85)
	at de.fu_berlin.inf.dpp.project.SharedResourcesManager$3.exec(SharedResourcesManager.java:469)
	at de.fu_berlin.inf.dpp.project.internal.SarosSession$2.execute(SarosSession.java:213)
	at de.fu_berlin.inf.dpp.project.internal.ActivityHandler$3.run(ActivityHandler.java:372)
	at de.fu_berlin.inf.dpp.util.ThreadUtils$1.run(ThreadUtils.java:38)
	at org.eclipse.swt.widgets.RunnableLock.run(RunnableLock.java:35)
	at org.eclipse.swt.widgets.Synchronizer.runAsyncMessages(Synchronizer.java:135)
	at org.eclipse.swt.widgets.Display.runAsyncMessages(Display.java:4155)
	at org.eclipse.swt.widgets.Display.readAndDispatch(Display.java:3772)
	at org.eclipse.e4.ui.internal.workbench.swt.PartRenderingEngine$4.run(PartRenderingEngine.java:1127)
	at org.eclipse.core.databinding.observable.Realm.runWithDefault(Realm.java:337)
	at org.eclipse.e4.ui.internal.workbench.swt.PartRenderingEngine.run(PartRenderingEngine.java:1018)
	at org.eclipse.e4.ui.internal.workbench.E4Workbench.createAndRunUI(E4Workbench.java:156)
	at org.eclipse.ui.internal.Workbench$5.run(Workbench.java:654)
	at org.eclipse.core.databinding.observable.Realm.runWithDefault(Realm.java:337)
	at org.eclipse.ui.internal.Workbench.createAndRunWorkbench(Workbench.java:598)
	at org.eclipse.ui.PlatformUI.createAndRunWorkbench(PlatformUI.java:150)
	at org.eclipse.ui.internal.ide.application.IDEApplication.start(IDEApplication.java:139)
	at org.eclipse.equinox.internal.app.EclipseAppHandle.run(EclipseAppHandle.java:196)
	at org.eclipse.core.runtime.internal.adaptor.EclipseAppLauncher.runApplication(EclipseAppLauncher.java:134)
	at org.eclipse.core.runtime.internal.adaptor.EclipseAppLauncher.start(EclipseAppLauncher.java:104)
	at org.eclipse.core.runtime.adaptor.EclipseStarter.run(EclipseStarter.java:380)
	at org.eclipse.core.runtime.adaptor.EclipseStarter.run(EclipseStarter.java:235)
	at sun.reflect.NativeMethodAccessorImpl.invoke0(Native Method)
	at sun.reflect.NativeMethodAccessorImpl.invoke(Unknown Source)
	at sun.reflect.DelegatingMethodAccessorImpl.invoke(Unknown Source)
	at java.lang.reflect.Method.invoke(Unknown Source)
	at org.eclipse.equinox.launcher.Main.invokeFramework(Main.java:669)
	at org.eclipse.equinox.launcher.Main.basicRun(Main.java:608)
	at org.eclipse.equinox.launcher.Main.run(Main.java:1515)
WARN  2015-12-05 10:38:32,512 (FileUtils.java:90) folder already exists: F/Togl/gen/com/maxwellolmen/togl
StackTrace:
	at de.fu_berlin.inf.dpp.util.FileUtils.create(FileUtils.java:90)
	at de.fu_berlin.inf.dpp.project.SharedResourcesManager.handleFolderActivity(SharedResourcesManager.java:677)
	at de.fu_berlin.inf.dpp.project.SharedResourcesManager$3.receive(SharedResourcesManager.java:487)
	at de.fu_berlin.inf.dpp.activities.FolderActivity.dispatch(FolderActivity.java:62)
	at de.fu_berlin.inf.dpp.session.AbstractActivityConsumer.exec(AbstractActivityConsumer.java:85)
	at de.fu_berlin.inf.dpp.project.SharedResourcesManager$3.exec(SharedResourcesManager.java:469)
	at de.fu_berlin.inf.dpp.project.internal.SarosSession$2.execute(SarosSession.java:213)
	at de.fu_berlin.inf.dpp.project.internal.ActivityHandler$3.run(ActivityHandler.java:372)
	at de.fu_berlin.inf.dpp.util.ThreadUtils$1.run(ThreadUtils.java:38)
	at org.eclipse.swt.widgets.RunnableLock.run(RunnableLock.java:35)
	at org.eclipse.swt.widgets.Synchronizer.runAsyncMessages(Synchronizer.java:135)
	at org.eclipse.swt.widgets.Display.runAsyncMessages(Display.java:4155)
	at org.eclipse.swt.widgets.Display.readAndDispatch(Display.java:3772)
	at org.eclipse.e4.ui.internal.workbench.swt.PartRenderingEngine$4.run(PartRenderingEngine.java:1127)
	at org.eclipse.core.databinding.observable.Realm.runWithDefault(Realm.java:337)
	at org.eclipse.e4.ui.internal.workbench.swt.PartRenderingEngine.run(PartRenderingEngine.java:1018)
	at org.eclipse.e4.ui.internal.workbench.E4Workbench.createAndRunUI(E4Workbench.java:156)
	at org.eclipse.ui.internal.Workbench$5.run(Workbench.java:654)
	at org.eclipse.core.databinding.observable.Realm.runWithDefault(Realm.java:337)
	at org.eclipse.ui.internal.Workbench.createAndRunWorkbench(Workbench.java:598)
	at org.eclipse.ui.PlatformUI.createAndRunWorkbench(PlatformUI.java:150)
	at org.eclipse.ui.internal.ide.application.IDEApplication.start(IDEApplication.java:139)
	at org.eclipse.equinox.internal.app.EclipseAppHandle.run(EclipseAppHandle.java:196)
	at org.eclipse.core.runtime.internal.adaptor.EclipseAppLauncher.runApplication(EclipseAppLauncher.java:134)
	at org.eclipse.core.runtime.internal.adaptor.EclipseAppLauncher.start(EclipseAppLauncher.java:104)
	at org.eclipse.core.runtime.adaptor.EclipseStarter.run(EclipseStarter.java:380)
	at org.eclipse.core.runtime.adaptor.EclipseStarter.run(EclipseStarter.java:235)
	at sun.reflect.NativeMethodAccessorImpl.invoke0(Native Method)
	at sun.reflect.NativeMethodAccessorImpl.invoke(Unknown Source)
	at sun.reflect.DelegatingMethodAccessorImpl.invoke(Unknown Source)
	at java.lang.reflect.Method.invoke(Unknown Source)
	at org.eclipse.equinox.launcher.Main.invokeFramework(Main.java:669)
	at org.eclipse.equinox.launcher.Main.basicRun(Main.java:608)
	at org.eclipse.equinox.launcher.Main.run(Main.java:1515)
DEBUG 2015-12-05 10:38:32,515 (SharedResourcesManager.java:661) FileActivity FileActivity [dst:path=SPath [path=bin/AndroidManifest.xml, project=Togl], src:path=N/A, type=CREATED, encoding=N/A, content=864 byte(s)] dropped (same content)
DEBUG 2015-12-05 10:38:32,516 (SharedResourcesManager.java:661) FileActivity FileActivity [dst:path=SPath [path=gen/com/maxwellolmen/togl/BuildConfig.java, project=Togl], src:path=N/A, type=CREATED, encoding=N/A, content=163 byte(s)] dropped (same content)
DEBUG 2015-12-05 10:38:32,517 (SharedResourcesManager.java:661) FileActivity FileActivity [dst:path=SPath [path=gen/com/maxwellolmen/togl/R.java, project=Togl], src:path=N/A, type=CREATED, encoding=N/A, content=2602 byte(s)] dropped (same content)
DEBUG 2015-12-05 10:38:57,546 (SarosSessionManager.java:330) terminating all running negotiation processes
DEBUG 2015-12-05 10:38:57,547 (SarosSessionManager.java:337) Leave message sent.
DEBUG 2015-12-05 10:38:57,549 (ActivityHandler.java:109) activity dispatcher stopped
INFO  2015-12-05 10:38:57,549 (FeedbackManager.java:104) Session lasted 0 min 42 s
DEBUG 2015-12-05 10:38:57,550 (FollowModeCollector.java:177) Processing follow mode changes took 0.0 s
INFO  2015-12-05 10:38:57,551 (ParticipantCollector.java:145) Session ended: Current number of participants: 2
DEBUG 2015-12-05 10:38:57,555 (StatisticManager.java:329) Session statistic:
  auto.followmode.enabled=false
  data_transfer.SOCKS5 (D).average_throughput_kbs=0.4
  data_transfer.SOCKS5 (D).number_of_events=23
  data_transfer.SOCKS5 (D).total_size_kb=6
  data_transfer.SOCKS5 (D).total_time_ms=15902
  feedback.disabled=false
  feedback.survey.interval=5
  followmode.time.percent=0
  followmode.time.total=0.0
  followmode.toggles=0
  gesture.count=0
  java.version=1.8.0_51
  jumped.count=0
  jumped.driver.count=0
  jumped.observer.count=0
  observer.selection.count.witnessed=0
  observer.selection.count=0
  os.name=Windows 8
  platform.version=3.11.1.v20150903-1804
  random.user.id=2015-12-05_10-38-57_872578009
  role.1.duration=0.7
  role.1=write_access
  role.changes=0
  role.driver.duration=0.7
  role.driver.percent=100
  role.observer.duration=0.0
  role.observer.percent=0
  saros.version=14.10.31
  session.count=1
  session.id=1206560293
  session.local.start=2015-12-05T16:38:57Z
  session.shared.project.complete.count=1
  session.shared.project.partial.count=0
  session.shared.project.partial.files.count=0
  session.time.users.1.percent=15
  session.time.users.1=0.1
  session.time.users.2.percent=85
  session.time.users.2=0.6
  session.time=0.7
  session.users.total=2
  textedits.chars=0
  textedits.count=0
  textedits.nonparallel.chars=0
  textedits.nonparallel.percent=0
  textedits.pastes.chars=0
  textedits.pastes=0
  user.is.host=true
INFO  2015-12-05 10:38:57,555 (StatisticManager.java:243) User does not allow to submit session statistics
DEBUG 2015-12-05 10:38:57,556 (EditorManager.java:1697) unlocking all editors
DEBUG 2015-12-05 10:38:57,557 (BinaryChannelConnection.java:109) [mode=SOCKS5 (D), id=saros-main-session] maxwellolmen@saros-con.imp.fu-berlin.de/Saros connection closed locally: Socket closed
DEBUG 2015-12-05 10:38:57,558 (DataTransferManager.java:336) closed connection [pool id=saros-main-session:in:maxwellolmen@saros-con.imp.fu-berlin.de/Saros]: [mode=SOCKS5 (D), id=saros-main-session] maxwellolmen@saros-con.imp.fu-berlin.de/Saros
DEBUG 2015-12-05 10:38:57,558 (XStreamExtensionProvider.java:169) Unregistering (resetting) converter of class de.fu_berlin.inf.dpp.misc.xstream.SPathConverter
DEBUG 2015-12-05 10:38:57,558 (XStreamExtensionProvider.java:216) Unregistering (resetting) converter of class de.fu_berlin.inf.dpp.misc.xstream.UserConverter
DEBUG 2015-12-05 10:38:57,567 (MultiUserChatService.java:135) leaving multi user chat de.fu_berlin.inf.dpp.communication.chat.muc.MultiUserChat@3b21d3eb
DEBUG 2015-12-05 10:38:57,705 (SharedProjectDecorator.java:93) clearing project decoration for all shared projects
DEBUG 2015-12-05 10:38:57,705 (DocumentRecord.java:93) Added Node: attr(144933353770539895) name=svg
INFO  2015-12-05 10:38:57,706 (SarosSessionManager.java:351) session stopped
INFO  2015-12-05 10:39:03,860 (StatisticManager.java:184) Current feedback settings:
  Feedback disabled: false
  Feedback interval: 5
  Statistic submission allowed: false
  Pseudonym submission allowed: false
INFO  2015-12-05 10:39:03,861 (ErrorLogManager.java:257) Current error log settings:
  Error log submission allowed: false
  Full Error log submission allowed: false
INFO  2015-12-05 10:39:03,979 (StatisticManager.java:163) Session count: 2
INFO  2015-12-05 10:39:03,980 (ParticipantCollector.java:134) Session started: Current number of participants: 1
DEBUG 2015-12-05 10:39:03,980 (XStreamExtensionProvider.java:144) Renewing existing converter of class de.fu_berlin.inf.dpp.misc.xstream.SPathConverter
DEBUG 2015-12-05 10:39:03,980 (XStreamExtensionProvider.java:189) Renewing existing converter of class de.fu_berlin.inf.dpp.misc.xstream.UserConverter
DEBUG 2015-12-05 10:39:03,982 (ConsistencyAction.java:173) Inconsistency indicator goes: off
DEBUG 2015-12-05 10:39:03,983 (WhiteboardManager.java:104) Skip Whiteboard preparation because session host has no Whiteboard
DEBUG 2015-12-05 10:39:03,983 (ActivityHandler.java:89) activity dispatcher started
DEBUG 2015-12-05 10:39:03,983 (SarosProjectMapper.java:179) added project de.fu_berlin.inf.dpp.filesystem.EclipseProjectImpl@4d3bde71 - P/Togl2 with ID 419641029 [completely shared:true]
DEBUG 2015-12-05 10:39:04,016 (EditorManager.java:392) CreditsActivity.java
DEBUG 2015-12-05 10:39:04,027 (SharedProjectDecorator.java:99) updating project decoration for all shared projects
INFO  2015-12-05 10:39:04,027 (SarosSessionManager.java:262) session started
DEBUG 2015-12-05 10:39:04,186 (OutgoingSessionNegotiation.java:122) OSN [remote side: maxwellolmen@saros-con.imp.fu-berlin.de] : starting invitation
DEBUG 2015-12-05 10:39:04,199 (OutgoingSessionNegotiation.java:223) OSN [remote side: maxwellolmen@saros-con.imp.fu-berlin.de] : checking Saros support
DEBUG 2015-12-05 10:39:04,199 (OutgoingSessionNegotiation.java:235) OSN [remote side: maxwellolmen@saros-con.imp.fu-berlin.de] :  remote contact offers Saros support
DEBUG 2015-12-05 10:39:04,200 (OutgoingSessionNegotiation.java:253) OSN [remote side: maxwellolmen@saros-con.imp.fu-berlin.de/Saros] : checking version compatibility
DEBUG 2015-12-05 10:39:04,261 (MultiUserChatService.java:100) Joining MUC...
DEBUG 2015-12-05 10:39:04,261 (MultiUserChat.java:264) Trying to create room on server conference.saros-con.imp.fu-berlin.de
DEBUG 2015-12-05 10:39:04,536 (OutgoingSessionNegotiation.java:284) OSN [remote side: maxwellolmen@saros-con.imp.fu-berlin.de/Saros] : Saros versions are compatible
DEBUG 2015-12-05 10:39:04,537 (OutgoingSessionNegotiation.java:298) OSN [remote side: maxwellolmen@saros-con.imp.fu-berlin.de/Saros] : sending invitation
DEBUG 2015-12-05 10:39:04,537 (OutgoingSessionNegotiation.java:314) OSN [remote side: maxwellolmen@saros-con.imp.fu-berlin.de/Saros] : waiting for invitation acknowledgement
DEBUG 2015-12-05 10:39:04,554 (MultiUserChat.java:310) Configuring room
DEBUG 2015-12-05 10:39:04,824 (OutgoingSessionNegotiation.java:325) OSN [remote side: maxwellolmen@saros-con.imp.fu-berlin.de/Saros] : invitation acknowledged
DEBUG 2015-12-05 10:39:04,824 (OutgoingSessionNegotiation.java:334) OSN [remote side: maxwellolmen@saros-con.imp.fu-berlin.de/Saros] : waiting for peer to accept the invitation
DEBUG 2015-12-05 10:39:04,998 (MultiUserChat.java:297) MUC created and joined. Server: conference.saros-con.imp.fu-berlin.de Room: SAROS_992686489 Password -669442993
DEBUG 2015-12-05 10:39:05,138 (MultiUserChatStateManager.java:101) Incoming Message from saros_992686489@conference.saros-con.imp.fu-berlin.de/mholmen@saros-con.imp.fu-berlin.de/Saros with state: active
DEBUG 2015-12-05 10:39:05,138 (MultiUserChat.java:79) stateChanged fired with state: active
DEBUG 2015-12-05 10:39:05,138 (MultiUserChat.java:133) processPacket called
DEBUG 2015-12-05 10:39:05,961 (OutgoingSessionNegotiation.java:345) OSN [remote side: maxwellolmen@saros-con.imp.fu-berlin.de/Saros] : invitation accepted
DEBUG 2015-12-05 10:39:05,961 (OutgoingSessionNegotiation.java:355) OSN [remote side: maxwellolmen@saros-con.imp.fu-berlin.de/Saros] : waiting for client's session parameters
DEBUG 2015-12-05 10:39:05,962 (OutgoingSessionNegotiation.java:375) OSN [remote side: maxwellolmen@saros-con.imp.fu-berlin.de/Saros] : received client's session parameters
DEBUG 2015-12-05 10:39:06,236 (WhiteboardManager.java:163) Detected  Whiteboard at maxwellolmen@saros-con.imp.fu-berlin.de/Saros
DEBUG 2015-12-05 10:39:06,236 (OutgoingSessionNegotiation.java:427) OSN [remote side: maxwellolmen@saros-con.imp.fu-berlin.de/Saros] : sending updated session negotiation data
DEBUG 2015-12-05 10:39:06,236 (OutgoingSessionNegotiation.java:434) OSN [remote side: maxwellolmen@saros-con.imp.fu-berlin.de/Saros] : sent updated session negotiation data
DEBUG 2015-12-05 10:39:06,236 (OutgoingSessionNegotiation.java:444) OSN [remote side: maxwellolmen@saros-con.imp.fu-berlin.de/Saros] : waiting for remote side to start its Saros session
DEBUG 2015-12-05 10:39:07,202 (ByteStreamTransport.java:72) received request to establish a  bytestream connection to maxwellolmen@saros-con.imp.fu-berlin.de/Saros [de.fu_berlin.inf.dpp.net.internal.ByteStreamTransport$1@4b223c9c]
DEBUG 2015-12-05 10:39:07,203 (Socks5Transport.java:368) [SOCKS5Transport] receiving request from maxwellolmen@saros-con.imp.fu-berlin.de/Saroswith local SOCKS5 proxy running [port=7779, configured streamhosts=[192.168.1.10, fe80:0:0:0:3478:e4c5:7dfe:792e%eth0, 2001:0:9d38:90d7:383d:1aa5:b4b7:846e, fe80:0:0:0:383d:1aa5:b4b7:846e%net1]]
DEBUG 2015-12-05 10:39:07,203 (Socks5Transport.java:624) [SOCKS5Transport] Start to establish new response connection
DEBUG 2015-12-05 10:39:07,205 (Socks5Transport.java:122) [SOCKS5Transport] cancelling response connection as it is not needed
DEBUG 2015-12-05 10:39:07,205 (Socks5Transport.java:742) nagle algorithm for socket disabled: true
DEBUG 2015-12-05 10:39:07,205 (Socks5Transport.java:755) socket is configured with SO_LINGER timeout: 10000 ms
DEBUG 2015-12-05 10:39:07,206 (DataTransferManager.java:136) bytestream connection changed [mode=SOCKS5 (D), id=saros-main-session] maxwellolmen@saros-con.imp.fu-berlin.de/Saros, inc=true, pool id=saros-main-session:in:maxwellolmen@saros-con.imp.fu-berlin.de/Saros]
DEBUG 2015-12-05 10:39:07,206 (BinaryChannelConnection.java:103) [mode=SOCKS5 (D), id=saros-main-session] maxwellolmen@saros-con.imp.fu-berlin.de/Saros ReceiverThread started.
DEBUG 2015-12-05 10:39:07,507 (OutgoingSessionNegotiation.java:455) OSN [remote side: maxwellolmen@saros-con.imp.fu-berlin.de/Saros] : remote side started its Saros session
DEBUG 2015-12-05 10:39:07,507 (OutgoingSessionNegotiation.java:472) OSN [remote side: maxwellolmen@saros-con.imp.fu-berlin.de/Saros] : synchronizing user list
DEBUG 2015-12-05 10:39:07,507 (UserInformationHandler.java:152) synchronizing user list (A)[maxwellolmen@saros-con.imp.fu-berlin.de/Saros, mholmen@saros-con.imp.fu-berlin.de/Saros], (R) [] with user(s) [maxwellolmen@saros-con.imp.fu-berlin.de/Saros]
DEBUG 2015-12-05 10:39:07,512 (UserInformationHandler.java:204) received user list confirmation from: maxwellolmen@saros-con.imp.fu-berlin.de/Saros
DEBUG 2015-12-05 10:39:07,512 (UserInformationHandler.java:211) synchronized user list with user(s) [maxwellolmen@saros-con.imp.fu-berlin.de/Saros]
DEBUG 2015-12-05 10:39:07,512 (ChangeColorManager.java:290) reassigning color IDs for the current session users
DEBUG 2015-12-05 10:39:07,513 (ChangeColorManager.java:324) color conflict resolve result = NO CONFLICT
DEBUG 2015-12-05 10:39:07,513 (ChangeColorManager.java:383) new color assignment: {mholmen@saros-con.imp.fu-berlin.de/Saros=2, maxwellolmen@saros-con.imp.fu-berlin.de/Saros=4}
DEBUG 2015-12-05 10:39:07,514 (ChangeColorManager.java:634) updating color id set: [maxwellolmen@saros-con.imp.fu-berlin.de, mholmen@saros-con.imp.fu-berlin.de]
INFO  2015-12-05 10:39:07,515 (ParticipantCollector.java:67) maxwellolmen@saros-con.imp.fu-berlin.de/Saros joined - session now contains 2 users
INFO  2015-12-05 10:39:07,517 (SarosSession.java:456) user maxwellolmen@saros-con.imp.fu-berlin.de/Saros joined session
DEBUG 2015-12-05 10:39:07,517 (OutgoingSessionNegotiation.java:482) OSN [remote side: maxwellolmen@saros-con.imp.fu-berlin.de/Saros] : added maxwellolmen@saros-con.imp.fu-berlin.de/Saros to the current session, colorID: 4
DEBUG 2015-12-05 10:39:07,518 (OutgoingSessionNegotiation.java:501) OSN [remote side: maxwellolmen@saros-con.imp.fu-berlin.de/Saros] : session negotiation finished
DEBUG 2015-12-05 10:39:07,527 (WhiteboardManager.java:89) Preparing Whiteboard for sending an invitation
DEBUG 2015-12-05 10:39:07,527 (ActivitySequencer.java:496) send (002) maxwellolmen@saros-con.imp.fu-berlin.de/Saros
DEBUG 2015-12-05 10:39:07,583 (ColorUtils.java:21) set foregroundcolor RGB {186, 220, 81}
DEBUG 2015-12-05 10:39:07,588 (SXEController.java:120) SXE (4835): initialize session at inviter side
DEBUG 2015-12-05 10:39:07,588 (SXEOutgoingSynchronizationProcess.java:51) SXE(4835)  send state-offer to maxwellolmen@saros-con.imp.fu-berlin.de/Saros
DEBUG 2015-12-05 10:39:07,588 (SarosSXETransmitter.java:151) SXE send state-offer to maxwellolmen@saros-con.imp.fu-berlin.de/Saros waiting for [accept-state, refuse-state]
DEBUG 2015-12-05 10:39:07,594 (SXEOutgoingSynchronizationProcess.java:70) SXE(4835) maxwellolmen@saros-con.imp.fu-berlin.de/Saros accepted state-offer
DEBUG 2015-12-05 10:39:07,595 (SXEOutgoingSynchronizationProcess.java:89) SXE(4835) Sending state to maxwellolmen@saros-con.imp.fu-berlin.de/Saros
DEBUG 2015-12-05 10:39:07,595 (SXEOutgoingSynchronizationProcess.java:91) Send message: de.fu_berlin.inf.dpp.whiteboard.sxe.net.SXEMessage@72ba93b1: from: null, to: maxwellolmen@saros-con.imp.fu-berlin.de/Saros, msgId: 1messageTyp: statemessage: [new rid=144933353770539895 visible=true name=svg ns=http://www.w3.org/2000/svg version=0 type=element, ]
DEBUG 2015-12-05 10:39:07,595 (CancelableProcess.java:353) process OSN [remote side: maxwellolmen@saros-con.imp.fu-berlin.de/Saros] exit status: OK
INFO  2015-12-05 10:39:07,596 (ProjectNegotiationObservable.java:51) This is ProjectNegotiation number 2 in this session. There are 0 process(es) in this session
DEBUG 2015-12-05 10:39:07,913 (MultiUserChatStateManager.java:101) Incoming Message from saros_992686489@conference.saros-con.imp.fu-berlin.de/maxwellolmen@saros-con.imp.fu-berlin.de/Saros with state: active
DEBUG 2015-12-05 10:39:07,913 (MultiUserChat.java:79) stateChanged fired with state: active
DEBUG 2015-12-05 10:39:07,915 (MultiUserChat.java:133) processPacket called
DEBUG 2015-12-05 10:39:08,741 (OutgoingProjectNegotiation.java:181) OPN [remote side: maxwellolmen@saros-con.imp.fu-berlin.de/Saros] : sending file list
DEBUG 2015-12-05 10:39:08,843 (OutgoingProjectNegotiation.java:214) OPN [remote side: maxwellolmen@saros-con.imp.fu-berlin.de/Saros] : waiting for remote file list
DEBUG 2015-12-05 10:39:11,864 (OutgoingProjectNegotiation.java:232) OPN [remote side: maxwellolmen@saros-con.imp.fu-berlin.de/Saros] : remote file list has been received
DEBUG 2015-12-05 10:39:11,865 (OutgoingProjectNegotiation.java:270) OPN [remote side: maxwellolmen@saros-con.imp.fu-berlin.de/Saros] : stopping users [maxwellolmen@saros-con.imp.fu-berlin.de/Saros, mholmen@saros-con.imp.fu-berlin.de/Saros]
DEBUG 2015-12-05 10:39:11,869 (EditorManager.java:1697) locking all editors
DEBUG 2015-12-05 10:39:11,870 (StopManager.java:239) added StartHandle (mholmen@saros-con.imp.fu-berlin.de/Saros, 103911868-46622819453033919, startable) to resulting handles.
DEBUG 2015-12-05 10:39:11,871 (ActivitySequencer.java:496) send (001) maxwellolmen@saros-con.imp.fu-berlin.de/Saros
DEBUG 2015-12-05 10:39:11,880 (ActivitySequencer.java:546) rcvd (001) maxwellolmen@saros-con.imp.fu-berlin.de/Saros
DEBUG 2015-12-05 10:39:11,882 (StopManager.java:390) Acknowledgment arrived maxwellolmen@saros-con.imp.fu-berlin.de/Saros
DEBUG 2015-12-05 10:39:11,882 (StopManager.java:239) added StartHandle (maxwellolmen@saros-con.imp.fu-berlin.de/Saros, 103911868-8940693029212742949, startable) to resulting handles.
INFO  2015-12-05 10:39:11,905 (SarosSession.java:462) user maxwellolmen@saros-con.imp.fu-berlin.de/Saros started queuing projects and can receive IResourceActivities
DEBUG 2015-12-05 10:39:11,917 (OutgoingProjectNegotiation.java:353) OPN [remote side: maxwellolmen@saros-con.imp.fu-berlin.de/Saros] : creating archive
DEBUG 2015-12-05 10:39:13,044 (CreateArchiveTask.java:140) created archive C:\Users\Me\AppData\Local\Temp\saros_62828637240635329232853814960378174852.zip I/O: [14.1 MB in 1s at 14.1 MB/s]
DEBUG 2015-12-05 10:39:13,044 (OutgoingProjectNegotiation.java:288) OPN [remote side: maxwellolmen@saros-con.imp.fu-berlin.de/Saros] : restarting user mholmen@saros-con.imp.fu-berlin.de/Saros
DEBUG 2015-12-05 10:39:13,044 (StartHandle.java:58) Called start on mholmen@saros-con.imp.fu-berlin.de/Saros
DEBUG 2015-12-05 10:39:13,044 (StopManager.java:430) StartHandle (mholmen@saros-con.imp.fu-berlin.de/Saros, 103911868-46622819453033919, not startable) couldn't be removed because it doesn't exist any more.
DEBUG 2015-12-05 10:39:13,046 (EditorManager.java:1697) unlocking all editors
DEBUG 2015-12-05 10:39:13,046 (OutgoingProjectNegotiation.java:288) OPN [remote side: maxwellolmen@saros-con.imp.fu-berlin.de/Saros] : restarting user maxwellolmen@saros-con.imp.fu-berlin.de/Saros
DEBUG 2015-12-05 10:39:13,046 (StartHandle.java:58) Called start on maxwellolmen@saros-con.imp.fu-berlin.de/Saros
DEBUG 2015-12-05 10:39:13,046 (OutgoingProjectNegotiation.java:390) OPN [remote side: maxwellolmen@saros-con.imp.fu-berlin.de/Saros] : sending archive
DEBUG 2015-12-05 10:39:13,046 (ActivitySequencer.java:496) send (001) maxwellolmen@saros-con.imp.fu-berlin.de/Saros
DEBUG 2015-12-05 10:39:13,050 (ActivitySequencer.java:546) rcvd (001) maxwellolmen@saros-con.imp.fu-berlin.de/Saros
DEBUG 2015-12-05 10:39:14,013 (ActivitySequencer.java:496) send (001) maxwellolmen@saros-con.imp.fu-berlin.de/Saros
DEBUG 2015-12-05 10:39:14,448 (OutgoingProjectNegotiation.java:407) OPN [remote side: maxwellolmen@saros-con.imp.fu-berlin.de/Saros] : archive send
INFO  2015-12-05 10:39:14,448 (SarosSession.java:482) user maxwellolmen@saros-con.imp.fu-berlin.de/Saros now has Projects and can process IResourceActivities
DEBUG 2015-12-05 10:39:14,449 (ActivitySequencer.java:496) send (001) maxwellolmen@saros-con.imp.fu-berlin.de/Saros
DEBUG 2015-12-05 10:39:14,450 (ActivitySequencer.java:496) send (003) maxwellolmen@saros-con.imp.fu-berlin.de/Saros
DEBUG 2015-12-05 10:39:14,451 (CancelableProcess.java:353) process OPN [remote side: maxwellolmen@saros-con.imp.fu-berlin.de/Saros] exit status: OK
DEBUG 2015-12-05 10:39:14,454 (ActivitySequencer.java:546) rcvd (001) maxwellolmen@saros-con.imp.fu-berlin.de/Saros
DEBUG 2015-12-05 10:39:24,013 (ActivitySequencer.java:496) send (001) maxwellolmen@saros-con.imp.fu-berlin.de/Saros
DEBUG 2015-12-05 10:39:26,429 (ActivitySequencer.java:496) send (003) maxwellolmen@saros-con.imp.fu-berlin.de/Saros
DEBUG 2015-12-05 10:39:26,517 (ActivitySequencer.java:496) send (001) maxwellolmen@saros-con.imp.fu-berlin.de/Saros
DEBUG 2015-12-05 10:39:26,517 (ActivitySequencer.java:496) send (001) maxwellolmen@saros-con.imp.fu-berlin.de/Saros
DEBUG 2015-12-05 10:39:30,222 (ActivitySequencer.java:496) send (001) maxwellolmen@saros-con.imp.fu-berlin.de/Saros
DEBUG 2015-12-05 10:39:30,225 (ActivitySequencer.java:496) send (002) maxwellolmen@saros-con.imp.fu-berlin.de/Saros
DEBUG 2015-12-05 10:39:30,245 (ActivitySequencer.java:496) send (001) maxwellolmen@saros-con.imp.fu-berlin.de/Saros
DEBUG 2015-12-05 10:39:30,246 (ActivitySequencer.java:496) send (002) maxwellolmen@saros-con.imp.fu-berlin.de/Saros
DEBUG 2015-12-05 10:39:30,280 (ActivitySequencer.java:496) send (001) maxwellolmen@saros-con.imp.fu-berlin.de/Saros
DEBUG 2015-12-05 10:39:30,281 (ActivitySequencer.java:496) send (001) maxwellolmen@saros-con.imp.fu-berlin.de/Saros
DEBUG 2015-12-05 10:39:30,281 (ActivitySequencer.java:496) send (001) maxwellolmen@saros-con.imp.fu-berlin.de/Saros
DEBUG 2015-12-05 10:39:30,290 (EditorListener.java:236) Viewport changed: 0+53
DEBUG 2015-12-05 10:39:30,290 (ActivitySequencer.java:496) send (001) maxwellolmen@saros-con.imp.fu-berlin.de/Saros
DEBUG 2015-12-05 10:39:30,596 (ActivitySequencer.java:496) send (001) maxwellolmen@saros-con.imp.fu-berlin.de/Saros
DEBUG 2015-12-05 10:39:31,541 (EditorListener.java:236) Viewport changed: 13+43
DEBUG 2015-12-05 10:39:31,542 (ActivitySequencer.java:496) send (001) maxwellolmen@saros-con.imp.fu-berlin.de/Saros
DEBUG 2015-12-05 10:39:31,565 (EditorListener.java:236) Viewport changed: 16+43
DEBUG 2015-12-05 10:39:31,566 (ActivitySequencer.java:496) send (001) maxwellolmen@saros-con.imp.fu-berlin.de/Saros
DEBUG 2015-12-05 10:39:31,587 (EditorListener.java:236) Viewport changed: 19+43
DEBUG 2015-12-05 10:39:31,588 (ActivitySequencer.java:496) send (001) maxwellolmen@saros-con.imp.fu-berlin.de/Saros
DEBUG 2015-12-05 10:39:31,627 (EditorListener.java:236) Viewport changed: 22+43
DEBUG 2015-12-05 10:39:31,627 (ActivitySequencer.java:496) send (001) maxwellolmen@saros-con.imp.fu-berlin.de/Saros
DEBUG 2015-12-05 10:39:31,735 (EditorListener.java:236) Viewport changed: 19+43
DEBUG 2015-12-05 10:39:31,735 (ActivitySequencer.java:496) send (001) maxwellolmen@saros-con.imp.fu-berlin.de/Saros
DEBUG 2015-12-05 10:39:31,758 (EditorListener.java:236) Viewport changed: 16+43
DEBUG 2015-12-05 10:39:31,758 (ActivitySequencer.java:496) send (001) maxwellolmen@saros-con.imp.fu-berlin.de/Saros
DEBUG 2015-12-05 10:39:31,774 (EditorListener.java:236) Viewport changed: 13+43
DEBUG 2015-12-05 10:39:31,775 (ActivitySequencer.java:496) send (001) maxwellolmen@saros-con.imp.fu-berlin.de/Saros
DEBUG 2015-12-05 10:39:31,797 (EditorListener.java:236) Viewport changed: 0+53
DEBUG 2015-12-05 10:39:31,798 (ActivitySequencer.java:496) send (001) maxwellolmen@saros-con.imp.fu-berlin.de/Saros
DEBUG 2015-12-05 10:39:34,013 (ActivitySequencer.java:496) send (001) maxwellolmen@saros-con.imp.fu-berlin.de/Saros
DEBUG 2015-12-05 10:39:38,327 (ActivitySequencer.java:496) send (001) maxwellolmen@saros-con.imp.fu-berlin.de/Saros
DEBUG 2015-12-05 10:39:41,051 (ActivitySequencer.java:496) send (001) maxwellolmen@saros-con.imp.fu-berlin.de/Saros
DEBUG 2015-12-05 10:39:44,015 (ActivitySequencer.java:496) send (001) maxwellolmen@saros-con.imp.fu-berlin.de/Saros
DEBUG 2015-12-05 10:39:48,569 (ActivitySequencer.java:546) rcvd (001) maxwellolmen@saros-con.imp.fu-berlin.de/Saros
DEBUG 2015-12-05 10:39:48,571 (ActivitySequencer.java:546) rcvd (002) maxwellolmen@saros-con.imp.fu-berlin.de/Saros
DEBUG 2015-12-05 10:39:48,623 (ActivitySequencer.java:546) rcvd (001) maxwellolmen@saros-con.imp.fu-berlin.de/Saros
DEBUG 2015-12-05 10:39:48,625 (ActivitySequencer.java:546) rcvd (002) maxwellolmen@saros-con.imp.fu-berlin.de/Saros
DEBUG 2015-12-05 10:39:48,759 (ActivitySequencer.java:546) rcvd (001) maxwellolmen@saros-con.imp.fu-berlin.de/Saros
DEBUG 2015-12-05 10:39:48,798 (ActivitySequencer.java:546) rcvd (002) maxwellolmen@saros-con.imp.fu-berlin.de/Saros
DEBUG 2015-12-05 10:39:48,801 (ActivitySequencer.java:546) rcvd (001) maxwellolmen@saros-con.imp.fu-berlin.de/Saros
DEBUG 2015-12-05 10:39:49,115 (ActivitySequencer.java:546) rcvd (001) maxwellolmen@saros-con.imp.fu-berlin.de/Saros
DEBUG 2015-12-05 10:39:49,735 (ActivitySequencer.java:546) rcvd (001) maxwellolmen@saros-con.imp.fu-berlin.de/Saros
DEBUG 2015-12-05 10:39:54,017 (ActivitySequencer.java:496) send (001) maxwellolmen@saros-con.imp.fu-berlin.de/Saros
DEBUG 2015-12-05 10:40:00,338 (ActivitySequencer.java:546) rcvd (001) maxwellolmen@saros-con.imp.fu-berlin.de/Saros
DEBUG 2015-12-05 10:40:03,137 (ActivitySequencer.java:546) rcvd (001) maxwellolmen@saros-con.imp.fu-berlin.de/Saros
DEBUG 2015-12-05 10:40:03,955 (ActivitySequencer.java:546) rcvd (001) maxwellolmen@saros-con.imp.fu-berlin.de/Saros
DEBUG 2015-12-05 10:40:04,018 (ActivitySequencer.java:496) send (001) maxwellolmen@saros-con.imp.fu-berlin.de/Saros
DEBUG 2015-12-05 10:40:09,238 (ActivitySequencer.java:546) rcvd (001) maxwellolmen@saros-con.imp.fu-berlin.de/Saros
DEBUG 2015-12-05 10:40:09,260 (ActivitySequencer.java:546) rcvd (002) maxwellolmen@saros-con.imp.fu-berlin.de/Saros
DEBUG 2015-12-05 10:40:09,269 (ActivitySequencer.java:546) rcvd (001) maxwellolmen@saros-con.imp.fu-berlin.de/Saros
DEBUG 2015-12-05 10:40:09,630 (EditorListener.java:236) Viewport changed: 0+43
DEBUG 2015-12-05 10:40:09,638 (ActivitySequencer.java:496) send (001) maxwellolmen@saros-con.imp.fu-berlin.de/Saros
DEBUG 2015-12-05 10:40:09,686 (ActivitySequencer.java:496) send (001) maxwellolmen@saros-con.imp.fu-berlin.de/Saros
DEBUG 2015-12-05 10:40:09,739 (ActivitySequencer.java:546) rcvd (001) maxwellolmen@saros-con.imp.fu-berlin.de/Saros
DEBUG 2015-12-05 10:40:09,872 (ActivitySequencer.java:496) send (001) maxwellolmen@saros-con.imp.fu-berlin.de/Saros
DEBUG 2015-12-05 10:40:09,876 (EditorListener.java:236) Viewport changed: 14+43
DEBUG 2015-12-05 10:40:09,886 (ActivitySequencer.java:496) send (002) maxwellolmen@saros-con.imp.fu-berlin.de/Saros
DEBUG 2015-12-05 10:40:09,891 (DirtyStateListener.java:75) Dirty state reset for: L/Togl2/mobile/src/main/java/com/maxwellolmen/togl/MainActivity.java
DEBUG 2015-12-05 10:40:09,921 (ActivitySequencer.java:496) send (001) maxwellolmen@saros-con.imp.fu-berlin.de/Saros
DEBUG 2015-12-05 10:40:10,558 (ActivitySequencer.java:546) rcvd (001) maxwellolmen@saros-con.imp.fu-berlin.de/Saros
DEBUG 2015-12-05 10:40:11,402 (ActivitySequencer.java:546) rcvd (001) maxwellolmen@saros-con.imp.fu-berlin.de/Saros
DEBUG 2015-12-05 10:40:12,040 (ActivitySequencer.java:546) rcvd (001) maxwellolmen@saros-con.imp.fu-berlin.de/Saros
DEBUG 2015-12-05 10:40:12,906 (ActivitySequencer.java:546) rcvd (001) maxwellolmen@saros-con.imp.fu-berlin.de/Saros
DEBUG 2015-12-05 10:40:13,442 (ActivitySequencer.java:546) rcvd (001) maxwellolmen@saros-con.imp.fu-berlin.de/Saros
DEBUG 2015-12-05 10:40:13,803 (ActivitySequencer.java:546) rcvd (001) maxwellolmen@saros-con.imp.fu-berlin.de/Saros
DEBUG 2015-12-05 10:40:14,019 (ActivitySequencer.java:496) send (001) maxwellolmen@saros-con.imp.fu-berlin.de/Saros
DEBUG 2015-12-05 10:40:14,219 (ActivitySequencer.java:546) rcvd (001) maxwellolmen@saros-con.imp.fu-berlin.de/Saros
DEBUG 2015-12-05 10:40:14,657 (ActivitySequencer.java:546) rcvd (001) maxwellolmen@saros-con.imp.fu-berlin.de/Saros
DEBUG 2015-12-05 10:40:17,077 (ActivitySequencer.java:496) send (001) maxwellolmen@saros-con.imp.fu-berlin.de/Saros
DEBUG 2015-12-05 10:40:17,265 (EditorListener.java:236) Viewport changed: 11+43
DEBUG 2015-12-05 10:40:17,265 (ActivitySequencer.java:496) send (001) maxwellolmen@saros-con.imp.fu-berlin.de/Saros
DEBUG 2015-12-05 10:40:17,287 (EditorListener.java:236) Viewport changed: 8+43
DEBUG 2015-12-05 10:40:17,287 (ActivitySequencer.java:496) send (001) maxwellolmen@saros-con.imp.fu-berlin.de/Saros
DEBUG 2015-12-05 10:40:17,319 (EditorListener.java:236) Viewport changed: 5+43
DEBUG 2015-12-05 10:40:17,319 (ActivitySequencer.java:496) send (001) maxwellolmen@saros-con.imp.fu-berlin.de/Saros
DEBUG 2015-12-05 10:40:17,526 (EditorListener.java:236) Viewport changed: 2+43
DEBUG 2015-12-05 10:40:17,526 (ActivitySequencer.java:496) send (001) maxwellolmen@saros-con.imp.fu-berlin.de/Saros
DEBUG 2015-12-05 10:40:17,558 (EditorListener.java:236) Viewport changed: 0+43
DEBUG 2015-12-05 10:40:17,559 (ActivitySequencer.java:496) send (001) maxwellolmen@saros-con.imp.fu-berlin.de/Saros
DEBUG 2015-12-05 10:40:24,019 (ActivitySequencer.java:496) send (001) maxwellolmen@saros-con.imp.fu-berlin.de/Saros
DEBUG 2015-12-05 10:40:34,021 (ActivitySequencer.java:496) send (001) maxwellolmen@saros-con.imp.fu-berlin.de/Saros
DEBUG 2015-12-05 10:40:44,022 (ActivitySequencer.java:496) send (001) maxwellolmen@saros-con.imp.fu-berlin.de/Saros
DEBUG 2015-12-05 10:40:54,023 (ActivitySequencer.java:496) send (001) maxwellolmen@saros-con.imp.fu-berlin.de/Saros
DEBUG 2015-12-05 10:41:04,025 (ActivitySequencer.java:496) send (001) maxwellolmen@saros-con.imp.fu-berlin.de/Saros
DEBUG 2015-12-05 10:41:14,026 (ActivitySequencer.java:496) send (001) maxwellolmen@saros-con.imp.fu-berlin.de/Saros
DEBUG 2015-12-05 10:41:24,027 (ActivitySequencer.java:496) send (001) maxwellolmen@saros-con.imp.fu-berlin.de/Saros
DEBUG 2015-12-05 10:41:34,028 (ActivitySequencer.java:496) send (001) maxwellolmen@saros-con.imp.fu-berlin.de/Saros
DEBUG 2015-12-05 10:41:44,030 (ActivitySequencer.java:496) send (001) maxwellolmen@saros-con.imp.fu-berlin.de/Saros
DEBUG 2015-12-05 10:41:54,032 (ActivitySequencer.java:496) send (001) maxwellolmen@saros-con.imp.fu-berlin.de/Saros
DEBUG 2015-12-05 10:42:04,263 (ActivitySequencer.java:496) send (001) maxwellolmen@saros-con.imp.fu-berlin.de/Saros
DEBUG 2015-12-05 10:42:14,265 (ActivitySequencer.java:496) send (001) maxwellolmen@saros-con.imp.fu-berlin.de/Saros
DEBUG 2015-12-05 10:42:24,265 (ActivitySequencer.java:496) send (001) maxwellolmen@saros-con.imp.fu-berlin.de/Saros
DEBUG 2015-12-05 10:42:34,266 (ActivitySequencer.java:496) send (001) maxwellolmen@saros-con.imp.fu-berlin.de/Saros
DEBUG 2015-12-05 10:42:44,267 (ActivitySequencer.java:496) send (001) maxwellolmen@saros-con.imp.fu-berlin.de/Saros
DEBUG 2015-12-05 10:42:54,268 (ActivitySequencer.java:496) send (001) maxwellolmen@saros-con.imp.fu-berlin.de/Saros
DEBUG 2015-12-05 10:43:04,269 (ActivitySequencer.java:496) send (001) maxwellolmen@saros-con.imp.fu-berlin.de/Saros
DEBUG 2015-12-05 10:43:14,269 (ActivitySequencer.java:496) send (001) maxwellolmen@saros-con.imp.fu-berlin.de/Saros
DEBUG 2015-12-05 10:43:24,270 (ActivitySequencer.java:496) send (001) maxwellolmen@saros-con.imp.fu-berlin.de/Saros
DEBUG 2015-12-05 10:43:34,270 (ActivitySequencer.java:496) send (001) maxwellolmen@saros-con.imp.fu-berlin.de/Saros
DEBUG 2015-12-05 10:43:44,271 (ActivitySequencer.java:496) send (001) maxwellolmen@saros-con.imp.fu-berlin.de/Saros
DEBUG 2015-12-05 10:43:54,272 (ActivitySequencer.java:496) send (001) maxwellolmen@saros-con.imp.fu-berlin.de/Saros
DEBUG 2015-12-05 10:44:04,273 (ActivitySequencer.java:496) send (001) maxwellolmen@saros-con.imp.fu-berlin.de/Saros
DEBUG 2015-12-05 10:44:14,274 (ActivitySequencer.java:496) send (001) maxwellolmen@saros-con.imp.fu-berlin.de/Saros
DEBUG 2015-12-05 10:44:24,275 (ActivitySequencer.java:496) send (001) maxwellolmen@saros-con.imp.fu-berlin.de/Saros
DEBUG 2015-12-05 10:44:34,277 (ActivitySequencer.java:496) send (001) maxwellolmen@saros-con.imp.fu-berlin.de/Saros
DEBUG 2015-12-05 10:44:44,278 (ActivitySequencer.java:496) send (001) maxwellolmen@saros-con.imp.fu-berlin.de/Saros
DEBUG 2015-12-05 10:44:54,279 (ActivitySequencer.java:496) send (001) maxwellolmen@saros-con.imp.fu-berlin.de/Saros
DEBUG 2015-12-05 10:45:04,279 (ActivitySequencer.java:496) send (001) maxwellolmen@saros-con.imp.fu-berlin.de/Saros
DEBUG 2015-12-05 10:45:11,033 (ActivitySequencer.java:546) rcvd (001) maxwellolmen@saros-con.imp.fu-berlin.de/Saros
DEBUG 2015-12-05 10:45:13,148 (ActivitySequencer.java:546) rcvd (001) maxwellolmen@saros-con.imp.fu-berlin.de/Saros
DEBUG 2015-12-05 10:45:14,281 (ActivitySequencer.java:496) send (001) maxwellolmen@saros-con.imp.fu-berlin.de/Saros
DEBUG 2015-12-05 10:45:14,323 (ActivitySequencer.java:546) rcvd (001) maxwellolmen@saros-con.imp.fu-berlin.de/Saros
DEBUG 2015-12-05 10:45:19,658 (ActivitySequencer.java:546) rcvd (001) maxwellolmen@saros-con.imp.fu-berlin.de/Saros
DEBUG 2015-12-05 10:45:24,282 (ActivitySequencer.java:496) send (001) maxwellolmen@saros-con.imp.fu-berlin.de/Saros
DEBUG 2015-12-05 10:45:25,181 (ActivitySequencer.java:546) rcvd (001) maxwellolmen@saros-con.imp.fu-berlin.de/Saros
DEBUG 2015-12-05 10:45:30,675 (EditorListener.java:236) Viewport changed: 0+28
DEBUG 2015-12-05 10:45:30,676 (ActivitySequencer.java:496) send (001) maxwellolmen@saros-con.imp.fu-berlin.de/Saros
DEBUG 2015-12-05 10:45:31,578 (EditorListener.java:236) Viewport changed: 0+43
DEBUG 2015-12-05 10:45:31,578 (ActivitySequencer.java:496) send (001) maxwellolmen@saros-con.imp.fu-berlin.de/Saros
DEBUG 2015-12-05 10:45:33,830 (ActivitySequencer.java:496) send (001) maxwellolmen@saros-con.imp.fu-berlin.de/Saros
DEBUG 2015-12-05 10:45:34,283 (ActivitySequencer.java:496) send (001) maxwellolmen@saros-con.imp.fu-berlin.de/Saros
DEBUG 2015-12-05 10:45:35,248 (ActivitySequencer.java:496) send (001) maxwellolmen@saros-con.imp.fu-berlin.de/Saros
DEBUG 2015-12-05 10:45:36,239 (ActivitySequencer.java:496) send (001) maxwellolmen@saros-con.imp.fu-berlin.de/Saros
DEBUG 2015-12-05 10:45:37,101 (ActivitySequencer.java:496) send (001) maxwellolmen@saros-con.imp.fu-berlin.de/Saros
DEBUG 2015-12-05 10:45:37,102 (ActivitySequencer.java:496) send (002) maxwellolmen@saros-con.imp.fu-berlin.de/Saros
DEBUG 2015-12-05 10:45:37,337 (ActivitySequencer.java:546) rcvd (001) maxwellolmen@saros-con.imp.fu-berlin.de/Saros
DEBUG 2015-12-05 10:45:37,363 (ActivitySequencer.java:546) rcvd (001) maxwellolmen@saros-con.imp.fu-berlin.de/Saros
DEBUG 2015-12-05 10:45:37,392 (ActivitySequencer.java:546) rcvd (001) maxwellolmen@saros-con.imp.fu-berlin.de/Saros
DEBUG 2015-12-05 10:45:37,408 (ActivitySequencer.java:546) rcvd (001) maxwellolmen@saros-con.imp.fu-berlin.de/Saros
DEBUG 2015-12-05 10:45:37,430 (ActivitySequencer.java:546) rcvd (003) maxwellolmen@saros-con.imp.fu-berlin.de/Saros
DEBUG 2015-12-05 10:45:37,487 (EditorManager.java:1444) Saved document: SPath [path=mobile/src/main/java/com/maxwellolmen/togl/MainActivity.java, project=Togl2]
DEBUG 2015-12-05 10:45:37,956 (ActivitySequencer.java:496) send (001) maxwellolmen@saros-con.imp.fu-berlin.de/Saros
DEBUG 2015-12-05 10:45:37,984 (ActivitySequencer.java:546) rcvd (001) maxwellolmen@saros-con.imp.fu-berlin.de/Saros
DEBUG 2015-12-05 10:45:37,985 (SharedResourcesManager.java:661) FileActivity FileActivity [dst:path=SPath [path=app/build/generated/source/buildConfig/androidTest/debug/com/maxwellolmen/togl/test/BuildConfig.java, project=Togl2], src:path=N/A, type=CREATED, encoding=N/A, content=459 byte(s)] dropped (same content)
DEBUG 2015-12-05 10:45:38,149 (ActivitySequencer.java:546) rcvd (011) maxwellolmen@saros-con.imp.fu-berlin.de/Saros
DEBUG 2015-12-05 10:45:38,149 (SharedResourcesManager.java:661) FileActivity FileActivity [dst:path=SPath [path=app/build/generated/source/buildConfig/debug/com/maxwellolmen/togl/BuildConfig.java, project=Togl2], src:path=N/A, type=CREATED, encoding=N/A, content=449 byte(s)] dropped (same content)
DEBUG 2015-12-05 10:45:38,150 (SharedResourcesManager.java:661) FileActivity FileActivity [dst:path=SPath [path=app/build/generated/source/r/debug/android/support/design/R.java, project=Togl2], src:path=N/A, type=CREATED, encoding=N/A, content=103266 byte(s)] dropped (same content)
DEBUG 2015-12-05 10:45:38,150 (SharedResourcesManager.java:661) FileActivity FileActivity [dst:path=SPath [path=app/build/generated/source/r/debug/android/support/v7/appcompat/R.java, project=Togl2], src:path=N/A, type=CREATED, encoding=N/A, content=85159 byte(s)] dropped (same content)
DEBUG 2015-12-05 10:45:38,151 (SharedResourcesManager.java:661) FileActivity FileActivity [dst:path=SPath [path=app/build/generated/source/r/debug/android/support/v7/recyclerview/R.java, project=Togl2], src:path=N/A, type=CREATED, encoding=N/A, content=1170 byte(s)] dropped (same content)
DEBUG 2015-12-05 10:45:38,152 (SharedResourcesManager.java:661) FileActivity FileActivity [dst:path=SPath [path=app/build/generated/source/r/debug/com/maxwellolmen/togl/R.java, project=Togl2], src:path=N/A, type=CREATED, encoding=N/A, content=495952 byte(s)] dropped (same content)
DEBUG 2015-12-05 10:45:38,152 (SharedResourcesManager.java:661) FileActivity FileActivity [dst:path=SPath [path=mobile/build/generated/source/buildConfig/androidTest/debug/com/maxwellolmen/mobile2/test/BuildConfig.java, project=Togl2], src:path=N/A, type=CREATED, encoding=N/A, content=465 byte(s)] dropped (same content)
DEBUG 2015-12-05 10:45:38,152 (SharedResourcesManager.java:661) FileActivity FileActivity [dst:path=SPath [path=mobile/build/generated/source/buildConfig/debug/com/maxwellolmen/togl/BuildConfig.java, project=Togl2], src:path=N/A, type=CREATED, encoding=N/A, content=452 byte(s)] dropped (same content)
DEBUG 2015-12-05 10:45:38,153 (SharedResourcesManager.java:661) FileActivity FileActivity [dst:path=SPath [path=mobile/build/generated/source/r/debug/android/support/design/R.java, project=Togl2], src:path=N/A, type=CREATED, encoding=N/A, content=103266 byte(s)] dropped (same content)
DEBUG 2015-12-05 10:45:38,153 (SharedResourcesManager.java:661) FileActivity FileActivity [dst:path=SPath [path=mobile/build/generated/source/r/debug/android/support/v7/appcompat/R.java, project=Togl2], src:path=N/A, type=CREATED, encoding=N/A, content=85159 byte(s)] dropped (same content)
DEBUG 2015-12-05 10:45:38,154 (SharedResourcesManager.java:661) FileActivity FileActivity [dst:path=SPath [path=mobile/build/generated/source/r/debug/android/support/v7/recyclerview/R.java, project=Togl2], src:path=N/A, type=CREATED, encoding=N/A, content=1170 byte(s)] dropped (same content)
DEBUG 2015-12-05 10:45:38,155 (SharedResourcesManager.java:661) FileActivity FileActivity [dst:path=SPath [path=mobile/build/generated/source/r/debug/com/maxwellolmen/togl/R.java, project=Togl2], src:path=N/A, type=CREATED, encoding=N/A, content=504358 byte(s)] dropped (same content)
DEBUG 2015-12-05 10:45:39,136 (EditorListener.java:236) Viewport changed: 0+28
DEBUG 2015-12-05 10:45:39,138 (ActivitySequencer.java:496) send (001) maxwellolmen@saros-con.imp.fu-berlin.de/Saros
DEBUG 2015-12-05 10:45:39,855 (ActivitySequencer.java:546) rcvd (001) maxwellolmen@saros-con.imp.fu-berlin.de/Saros
DEBUG 2015-12-05 10:45:41,123 (ActivitySequencer.java:546) rcvd (001) maxwellolmen@saros-con.imp.fu-berlin.de/Saros
DEBUG 2015-12-05 10:45:41,402 (ActivitySequencer.java:546) rcvd (001) maxwellolmen@saros-con.imp.fu-berlin.de/Saros
DEBUG 2015-12-05 10:45:41,418 (ActivitySequencer.java:546) rcvd (001) maxwellolmen@saros-con.imp.fu-berlin.de/Saros
DEBUG 2015-12-05 10:45:41,440 (ActivitySequencer.java:546) rcvd (001) maxwellolmen@saros-con.imp.fu-berlin.de/Saros
DEBUG 2015-12-05 10:45:41,472 (ActivitySequencer.java:546) rcvd (001) maxwellolmen@saros-con.imp.fu-berlin.de/Saros
DEBUG 2015-12-05 10:45:44,285 (ActivitySequencer.java:496) send (001) maxwellolmen@saros-con.imp.fu-berlin.de/Saros
DEBUG 2015-12-05 10:45:45,191 (EditorListener.java:236) Viewport changed: 0+43
DEBUG 2015-12-05 10:45:45,192 (ActivitySequencer.java:496) send (001) maxwellolmen@saros-con.imp.fu-berlin.de/Saros
DEBUG 2015-12-05 10:45:54,286 (ActivitySequencer.java:496) send (001) maxwellolmen@saros-con.imp.fu-berlin.de/Saros
DEBUG 2015-12-05 10:45:56,643 (ActivitySequencer.java:496) send (001) maxwellolmen@saros-con.imp.fu-berlin.de/Saros
DEBUG 2015-12-05 10:45:57,157 (ActivitySequencer.java:496) send (001) maxwellolmen@saros-con.imp.fu-berlin.de/Saros
DEBUG 2015-12-05 10:45:57,528 (ActivitySequencer.java:496) send (001) maxwellolmen@saros-con.imp.fu-berlin.de/Saros
DEBUG 2015-12-05 10:45:58,711 (ActivitySequencer.java:496) send (001) maxwellolmen@saros-con.imp.fu-berlin.de/Saros
DEBUG 2015-12-05 10:45:58,713 (ActivitySequencer.java:496) send (002) maxwellolmen@saros-con.imp.fu-berlin.de/Saros
DEBUG 2015-12-05 10:45:59,215 (ActivitySequencer.java:546) rcvd (001) maxwellolmen@saros-con.imp.fu-berlin.de/Saros
DEBUG 2015-12-05 10:45:59,236 (ActivitySequencer.java:546) rcvd (001) maxwellolmen@saros-con.imp.fu-berlin.de/Saros
DEBUG 2015-12-05 10:45:59,256 (ActivitySequencer.java:546) rcvd (001) maxwellolmen@saros-con.imp.fu-berlin.de/Saros
DEBUG 2015-12-05 10:45:59,257 (ActivitySequencer.java:546) rcvd (002) maxwellolmen@saros-con.imp.fu-berlin.de/Saros
DEBUG 2015-12-05 10:45:59,272 (EditorManager.java:1444) Saved document: SPath [path=mobile/src/main/java/com/maxwellolmen/togl/MainActivity.java, project=Togl2]
DEBUG 2015-12-05 10:46:04,288 (ActivitySequencer.java:496) send (001) maxwellolmen@saros-con.imp.fu-berlin.de/Saros
DEBUG 2015-12-05 10:46:09,329 (ActivitySequencer.java:496) send (001) maxwellolmen@saros-con.imp.fu-berlin.de/Saros
DEBUG 2015-12-05 10:46:10,234 (ActivitySequencer.java:496) send (001) maxwellolmen@saros-con.imp.fu-berlin.de/Saros
DEBUG 2015-12-05 10:46:10,234 (ActivitySequencer.java:496) send (002) maxwellolmen@saros-con.imp.fu-berlin.de/Saros
DEBUG 2015-12-05 10:46:10,534 (ActivitySequencer.java:546) rcvd (001) maxwellolmen@saros-con.imp.fu-berlin.de/Saros
DEBUG 2015-12-05 10:46:10,564 (ActivitySequencer.java:546) rcvd (001) maxwellolmen@saros-con.imp.fu-berlin.de/Saros
DEBUG 2015-12-05 10:46:10,575 (ActivitySequencer.java:546) rcvd (001) maxwellolmen@saros-con.imp.fu-berlin.de/Saros
DEBUG 2015-12-05 10:46:10,584 (ActivitySequencer.java:546) rcvd (001) maxwellolmen@saros-con.imp.fu-berlin.de/Saros
DEBUG 2015-12-05 10:46:10,586 (ActivitySequencer.java:546) rcvd (001) maxwellolmen@saros-con.imp.fu-berlin.de/Saros
DEBUG 2015-12-05 10:46:10,638 (EditorManager.java:1444) Saved document: SPath [path=mobile/src/main/java/com/maxwellolmen/togl/MainActivity.java, project=Togl2]
DEBUG 2015-12-05 10:46:11,245 (ActivitySequencer.java:496) send (001) maxwellolmen@saros-con.imp.fu-berlin.de/Saros
DEBUG 2015-12-05 10:46:14,289 (ActivitySequencer.java:496) send (001) maxwellolmen@saros-con.imp.fu-berlin.de/Saros
DEBUG 2015-12-05 10:46:24,291 (ActivitySequencer.java:496) send (001) maxwellolmen@saros-con.imp.fu-berlin.de/Saros
DEBUG 2015-12-05 10:46:34,292 (ActivitySequencer.java:496) send (001) maxwellolmen@saros-con.imp.fu-berlin.de/Saros
DEBUG 2015-12-05 10:46:44,293 (ActivitySequencer.java:496) send (001) maxwellolmen@saros-con.imp.fu-berlin.de/Saros
DEBUG 2015-12-05 10:46:54,293 (ActivitySequencer.java:496) send (001) maxwellolmen@saros-con.imp.fu-berlin.de/Saros
DEBUG 2015-12-05 10:47:04,295 (ActivitySequencer.java:496) send (001) maxwellolmen@saros-con.imp.fu-berlin.de/Saros
DEBUG 2015-12-05 10:47:14,296 (ActivitySequencer.java:496) send (001) maxwellolmen@saros-con.imp.fu-berlin.de/Saros
DEBUG 2015-12-05 10:47:24,298 (ActivitySequencer.java:496) send (001) maxwellolmen@saros-con.imp.fu-berlin.de/Saros
DEBUG 2015-12-05 10:47:34,300 (ActivitySequencer.java:496) send (001) maxwellolmen@saros-con.imp.fu-berlin.de/Saros
DEBUG 2015-12-05 10:47:44,302 (ActivitySequencer.java:496) send (001) maxwellolmen@saros-con.imp.fu-berlin.de/Saros
DEBUG 2015-12-05 10:47:54,303 (ActivitySequencer.java:496) send (001) maxwellolmen@saros-con.imp.fu-berlin.de/Saros
DEBUG 2015-12-05 10:48:04,304 (ActivitySequencer.java:496) send (001) maxwellolmen@saros-con.imp.fu-berlin.de/Saros
DEBUG 2015-12-05 10:48:11,426 (ActivitySequencer.java:496) send (001) maxwellolmen@saros-con.imp.fu-berlin.de/Saros
DEBUG 2015-12-05 10:48:11,970 (EditorListener.java:236) Viewport changed: 3+43
DEBUG 2015-12-05 10:48:11,971 (ActivitySequencer.java:496) send (001) maxwellolmen@saros-con.imp.fu-berlin.de/Saros
DEBUG 2015-12-05 10:48:12,472 (ActivitySequencer.java:496) send (001) maxwellolmen@saros-con.imp.fu-berlin.de/Saros
DEBUG 2015-12-05 10:48:14,306 (ActivitySequencer.java:496) send (001) maxwellolmen@saros-con.imp.fu-berlin.de/Saros
DEBUG 2015-12-05 10:48:17,564 (ActivitySequencer.java:496) send (001) maxwellolmen@saros-con.imp.fu-berlin.de/Saros
DEBUG 2015-12-05 10:48:20,752 (ActivitySequencer.java:496) send (001) maxwellolmen@saros-con.imp.fu-berlin.de/Saros
DEBUG 2015-12-05 10:48:20,753 (ActivitySequencer.java:496) send (003) maxwellolmen@saros-con.imp.fu-berlin.de/Saros
DEBUG 2015-12-05 10:48:21,038 (SarosSessionManager.java:330) terminating all running negotiation processes
WARN  2015-12-05 10:48:21,038 (SWTUtils.java:144) could not execute runnable de.fu_berlin.inf.dpp.ui.actions.RemoveUserAction$2$2@5f7cc3cf, UI thread is not available
StackTrace:
	at de.fu_berlin.inf.dpp.ui.util.SWTUtils.runSafeSWTAsync(SWTUtils.java:145)
	at de.fu_berlin.inf.dpp.ui.actions.RemoveUserAction$2.sessionEnding(RemoveUserAction.java:64)
	at de.fu_berlin.inf.dpp.project.SarosSessionManager.sessionEnding(SarosSessionManager.java:701)
	at de.fu_berlin.inf.dpp.project.SarosSessionManager.stopSarosSession(SarosSessionManager.java:335)
	at de.fu_berlin.inf.dpp.Saros$1.run(Saros.java:303)
	at de.fu_berlin.inf.dpp.util.ThreadUtils$1.run(ThreadUtils.java:38)
	at java.lang.Thread.run(Unknown Source)
DEBUG 2015-12-05 10:48:21,039 (SarosSessionManager.java:337) Leave message sent.
WARN  2015-12-05 10:48:21,039 (SWTSynchronizer.java:55) could not execute runnable de.fu_berlin.inf.dpp.concurrent.watchdog.ConsistencyWatchdogServer$2@2f15f17e, UI thread is not available
StackTrace:
	at de.fu_berlin.inf.dpp.synchronize.internal.SWTSynchronizer.exec(SWTSynchronizer.java:56)
	at de.fu_berlin.inf.dpp.synchronize.internal.SWTSynchronizer.asyncExec(SWTSynchronizer.java:20)
	at de.fu_berlin.inf.dpp.concurrent.watchdog.ConsistencyWatchdogServer.stop(ConsistencyWatchdogServer.java:145)
	at sun.reflect.GeneratedMethodAccessor54.invoke(Unknown Source)
	at sun.reflect.DelegatingMethodAccessorImpl.invoke(Unknown Source)
	at java.lang.reflect.Method.invoke(Unknown Source)
	at org.picocontainer.lifecycle.StartableLifecycleStrategy.doLifecycleMethod(StartableLifecycleStrategy.java:101)
	at org.picocontainer.lifecycle.StartableLifecycleStrategy.stopComponent(StartableLifecycleStrategy.java:113)
	at org.picocontainer.lifecycle.StartableLifecycleStrategy.stop(StartableLifecycleStrategy.java:126)
	at org.picocontainer.injectors.AbstractInjectionFactory$LifecycleAdapter.stop(AbstractInjectionFactory.java:88)
	at org.picocontainer.behaviors.AbstractBehavior.stop(AbstractBehavior.java:179)
	at org.picocontainer.behaviors.Stored$RealComponentLifecycle.stop(Stored.java:141)
	at org.picocontainer.behaviors.Stored.stop(Stored.java:118)
	at org.picocontainer.DefaultPicoContainer.stopAdapters(DefaultPicoContainer.java:1036)
	at org.picocontainer.DefaultPicoContainer.stop(DefaultPicoContainer.java:791)
	at de.fu_berlin.inf.dpp.project.internal.SarosSession.stop(SarosSession.java:639)
	at de.fu_berlin.inf.dpp.project.SarosSessionManager.stopSarosSession(SarosSessionManager.java:340)
	at de.fu_berlin.inf.dpp.Saros$1.run(Saros.java:303)
	at de.fu_berlin.inf.dpp.util.ThreadUtils$1.run(ThreadUtils.java:38)
	at java.lang.Thread.run(Unknown Source)
DEBUG 2015-12-05 10:48:21,040 (ActivityHandler.java:109) activity dispatcher stopped
INFO  2015-12-05 10:48:21,040 (FeedbackManager.java:104) Session lasted 9 min 17 s
WARN  2015-12-05 10:48:21,041 (SWTUtils.java:144) could not execute runnable de.fu_berlin.inf.dpp.feedback.FeedbackManager$2@7a20ac64, UI thread is not available
StackTrace:
	at de.fu_berlin.inf.dpp.ui.util.SWTUtils.runSafeSWTAsync(SWTUtils.java:145)
	at de.fu_berlin.inf.dpp.feedback.FeedbackManager.stop(FeedbackManager.java:130)
	at sun.reflect.GeneratedMethodAccessor54.invoke(Unknown Source)
	at sun.reflect.DelegatingMethodAccessorImpl.invoke(Unknown Source)
	at java.lang.reflect.Method.invoke(Unknown Source)
	at org.picocontainer.lifecycle.StartableLifecycleStrategy.doLifecycleMethod(StartableLifecycleStrategy.java:101)
	at org.picocontainer.lifecycle.StartableLifecycleStrategy.stopComponent(StartableLifecycleStrategy.java:113)
	at org.picocontainer.lifecycle.StartableLifecycleStrategy.stop(StartableLifecycleStrategy.java:126)
	at org.picocontainer.injectors.AbstractInjectionFactory$LifecycleAdapter.stop(AbstractInjectionFactory.java:88)
	at org.picocontainer.behaviors.AbstractBehavior.stop(AbstractBehavior.java:179)
	at org.picocontainer.behaviors.Stored$RealComponentLifecycle.stop(Stored.java:141)
	at org.picocontainer.behaviors.Stored.stop(Stored.java:118)
	at org.picocontainer.DefaultPicoContainer.stopAdapters(DefaultPicoContainer.java:1036)
	at org.picocontainer.DefaultPicoContainer.stop(DefaultPicoContainer.java:791)
	at de.fu_berlin.inf.dpp.project.internal.SarosSession.stop(SarosSession.java:639)
	at de.fu_berlin.inf.dpp.project.SarosSessionManager.stopSarosSession(SarosSessionManager.java:340)
	at de.fu_berlin.inf.dpp.Saros$1.run(Saros.java:303)
	at de.fu_berlin.inf.dpp.util.ThreadUtils$1.run(ThreadUtils.java:38)
	at java.lang.Thread.run(Unknown Source)
DEBUG 2015-12-05 10:48:21,041 (FollowModeCollector.java:177) Processing follow mode changes took 0.0 s
INFO  2015-12-05 10:48:21,042 (ParticipantCollector.java:145) Session ended: Current number of participants: 2
DEBUG 2015-12-05 10:48:21,042 (StatisticManager.java:329) Session statistic:
  auto.followmode.enabled=false
  data_transfer.SOCKS5 (D).average_throughput_kbs=0.1
  data_transfer.SOCKS5 (D).number_of_events=220
  data_transfer.SOCKS5 (D).total_size_kb=344
  data_transfer.SOCKS5 (D).total_time_ms=2308732
  feedback.disabled=false
  feedback.survey.interval=5
  followmode.time.percent=0
  followmode.time.total=0.0
  followmode.toggles=0
  gesture.count=0
  java.version=1.8.0_51
  jumped.count=0
  jumped.driver.count=0
  jumped.observer.count=0
  observer.selection.count.witnessed=0
  observer.selection.count=0
  os.name=Windows 8
  platform.version=3.11.1.v20150903-1804
  random.user.id=2015-12-05_10-38-57_872578009
  role.1.duration=9.28
  role.1=write_access
  role.changes=0
  role.driver.duration=9.28
  role.driver.percent=100
  role.observer.duration=0.0
  role.observer.percent=0
  saros.version=14.10.31
  session.count=2
  session.id=992686489
  session.local.start=2015-12-05T16:48:21Z
  session.shared.project.complete.count=1
  session.shared.project.partial.count=0
  session.shared.project.partial.files.count=0
  session.time.users.1.percent=1
  session.time.users.1=0.06
  session.time.users.2.percent=99
  session.time.users.2=9.23
  session.time=9.28
  session.users.total=2
  textedits.chars=2023
  textedits.count=1
  textedits.nonparallel.chars=2023
  textedits.nonparallel.percent=100
  textedits.pastes.chars=2023
  textedits.pastes=1
  textedits.remote.user.1.chars=6085
  textedits.remote.user.1.pastes.chars=6085
  textedits.remote.user.1.pastes=3
  user.is.host=true
INFO  2015-12-05 10:48:21,042 (StatisticManager.java:243) User does not allow to submit session statistics
WARN  2015-12-05 10:48:21,043 (SWTUtils.java:193) could not execute runnable de.fu_berlin.inf.dpp.editor.EditorManager$3$1@1726aae8, UI thread is not available
StackTrace:
	at de.fu_berlin.inf.dpp.ui.util.SWTUtils.runSafeSWTSync(SWTUtils.java:194)
	at de.fu_berlin.inf.dpp.editor.EditorManager$3.execute(EditorManager.java:262)
	at de.fu_berlin.inf.dpp.editor.EditorManager$3.unblock(EditorManager.java:253)
	at de.fu_berlin.inf.dpp.synchronize.StopManager.lockSession(StopManager.java:408)
	at de.fu_berlin.inf.dpp.synchronize.StopManager.stop(StopManager.java:579)
	at sun.reflect.GeneratedMethodAccessor54.invoke(Unknown Source)
	at sun.reflect.DelegatingMethodAccessorImpl.invoke(Unknown Source)
	at java.lang.reflect.Method.invoke(Unknown Source)
	at org.picocontainer.lifecycle.StartableLifecycleStrategy.doLifecycleMethod(StartableLifecycleStrategy.java:101)
	at org.picocontainer.lifecycle.StartableLifecycleStrategy.stopComponent(StartableLifecycleStrategy.java:113)
	at org.picocontainer.lifecycle.StartableLifecycleStrategy.stop(StartableLifecycleStrategy.java:126)
	at org.picocontainer.injectors.AbstractInjectionFactory$LifecycleAdapter.stop(AbstractInjectionFactory.java:88)
	at org.picocontainer.behaviors.AbstractBehavior.stop(AbstractBehavior.java:179)
	at org.picocontainer.behaviors.Stored$RealComponentLifecycle.stop(Stored.java:141)
	at org.picocontainer.behaviors.Stored.stop(Stored.java:118)
	at org.picocontainer.DefaultPicoContainer.stopAdapters(DefaultPicoContainer.java:1036)
	at org.picocontainer.DefaultPicoContainer.stop(DefaultPicoContainer.java:791)
	at de.fu_berlin.inf.dpp.project.internal.SarosSession.stop(SarosSession.java:639)
	at de.fu_berlin.inf.dpp.project.SarosSessionManager.stopSarosSession(SarosSessionManager.java:340)
	at de.fu_berlin.inf.dpp.Saros$1.run(Saros.java:303)
	at de.fu_berlin.inf.dpp.util.ThreadUtils$1.run(ThreadUtils.java:38)
	at java.lang.Thread.run(Unknown Source)
DEBUG 2015-12-05 10:48:21,046 (BinaryChannelConnection.java:109) [mode=SOCKS5 (D), id=saros-main-session] maxwellolmen@saros-con.imp.fu-berlin.de/Saros connection closed locally: Socket closed
DEBUG 2015-12-05 10:48:21,046 (DataTransferManager.java:336) closed connection [pool id=saros-main-session:in:maxwellolmen@saros-con.imp.fu-berlin.de/Saros]: [mode=SOCKS5 (D), id=saros-main-session] maxwellolmen@saros-con.imp.fu-berlin.de/Saros
DEBUG 2015-12-05 10:48:21,047 (XStreamExtensionProvider.java:169) Unregistering (resetting) converter of class de.fu_berlin.inf.dpp.misc.xstream.SPathConverter
DEBUG 2015-12-05 10:48:21,047 (XStreamExtensionProvider.java:216) Unregistering (resetting) converter of class de.fu_berlin.inf.dpp.misc.xstream.UserConverter
WARN  2015-12-05 10:48:21,047 (SWTUtils.java:193) could not execute runnable de.fu_berlin.inf.dpp.editor.EditorManager$5$2@10b810d3, UI thread is not available
StackTrace:
	at de.fu_berlin.inf.dpp.ui.util.SWTUtils.runSafeSWTSync(SWTUtils.java:194)
	at de.fu_berlin.inf.dpp.editor.EditorManager$5.sessionEnded(EditorManager.java:358)
	at de.fu_berlin.inf.dpp.project.SarosSessionManager.sessionEnded(SarosSessionManager.java:711)
	at de.fu_berlin.inf.dpp.project.SarosSessionManager.stopSarosSession(SarosSessionManager.java:347)
	at de.fu_berlin.inf.dpp.Saros$1.run(Saros.java:303)
	at de.fu_berlin.inf.dpp.util.ThreadUtils$1.run(ThreadUtils.java:38)
	at java.lang.Thread.run(Unknown Source)
WARN  2015-12-05 10:48:21,047 (SWTUtils.java:144) could not execute runnable de.fu_berlin.inf.dpp.ui.views.SarosView$11@518cb467, UI thread is not available
StackTrace:
	at de.fu_berlin.inf.dpp.ui.util.SWTUtils.runSafeSWTAsync(SWTUtils.java:145)
	at de.fu_berlin.inf.dpp.ui.views.SarosView.clearNotifications(SarosView.java:695)
	at de.fu_berlin.inf.dpp.ui.eventhandler.HostLeftAloneInSessionHandler$1.sessionEnded(HostLeftAloneInSessionHandler.java:46)
	at de.fu_berlin.inf.dpp.project.SarosSessionManager.sessionEnded(SarosSessionManager.java:711)
	at de.fu_berlin.inf.dpp.project.SarosSessionManager.stopSarosSession(SarosSessionManager.java:347)
	at de.fu_berlin.inf.dpp.Saros$1.run(Saros.java:303)
	at de.fu_berlin.inf.dpp.util.ThreadUtils$1.run(ThreadUtils.java:38)
	at java.lang.Thread.run(Unknown Source)
DEBUG 2015-12-05 10:48:21,048 (DocumentRecord.java:93) Added Node: attr(144933410104818668) name=svg
INFO  2015-12-05 10:48:21,048 (SarosSessionManager.java:351) session stopped
DEBUG 2015-12-05 10:48:21,048 (XMPPConnectionService.java:398) mholmen@saros-con.imp.fu-berlin.de/Saros new connection state == DISCONNECTING
DEBUG 2015-12-05 10:48:21,049 (BinaryChannelConnection.java:109) [mode=SOCKS5 (D), id=default] maxwellolmen@saros-con.imp.fu-berlin.de/Saros connection closed locally: Socket closed
DEBUG 2015-12-05 10:48:21,051 (ConnectionPool.java:52) closed connection [id=default:out:maxwellolmen@saros-con.imp.fu-berlin.de/Saros]: [mode=SOCKS5 (D), id=default] maxwellolmen@saros-con.imp.fu-berlin.de/Saros
DEBUG 2015-12-05 10:48:21,204 (XMPPConnectionService.java:398)  new connection state == NOT_CONNECTED
DEBUG 2015-12-05 10:48:21,204 (UPnPServiceImpl.java:295) deleting existing port mappings
